 -- loading interval routines $Revision: 1.5 $
 -- loading lineInterval routines $Revision: 1.5 $ 
 -- loading derivative routines $Revision: 1.4 $ 
 -- loading taylor routines $Revision: 1.6 $ 
 -- Installation complete -- 


Section VI.A2

Begin verification of 480930831
900737184
[0] 900737184
Verification complete
900737394
Begin verification of 463544803
900737394
[1][2][3][4][5][6][7][8][9][10] 900778978
[11][12][13]Verification complete
900794686

(abort and restart.  I left out the circumradius constraint on gamma)
 -- loading interval routines $Revision: 1.5 $
 -- loading lineInterval routines $Revision: 1.5 $ 
 -- loading derivative routines $Revision: 1.4 $ 
 -- loading taylor routines $Revision: 1.6 $ 
 -- Installation complete -- 


Section VI.A2

Begin verification of 594246986
900813131
[0] 900813131
Verification complete
900813176
Begin verification of 381970727
900813176
Verification complete
900813252
Begin verification of 951798877
900813252
Verification complete
900813301
Begin verification of 923397705
900813301
Verification complete
900813333
Begin verification of 495568072
900813333
Verification complete
900813336
Begin verification of 378020227
900813336
Verification complete
900813434
Begin verification of 256893386
900813434
Verification complete
900813440
Begin verification of 749955642
900813440
Verification complete
900813441
Begin verification of 653849975
900813441
Verification complete
900813486
all done!
(no errors)
