 -- loading interval routines $Revision: 1.4 $
 -- loading lineInterval routines $Revision: 1.3 $ 
not tested: linearization::chi126squaredOverEtc 

 -- loading derivative routines $Revision: 1.3 $ 
 -- untested procedures   setVorVcInverted, setVorSqc, setVor1385 array_multiply 
 -- loading taylor routines $Revision: 1.4 $ 
 -- not tested :   
      taylorInterval::upper/lowerboundQ  
	  adhoc20::vorspecial2at135, tauspecial2at135  
      taylorUpright : vorVc, swapVorVc; 

[0] 896479900
C642039701 done
C6999406873 done
C583956642 done
C301255700 done
gamma done!  896480190
vor done!  896480215
C652020790 done
[1]gamma done!  896480710
vor done!  896480756
C786938555 done
gamma done!  896481083
vor done!  896481112
C290675447 done
[2]C99742666 done
[3][4]C534430072 done
[5][6][7]gamma done!  896483597
[8][9][10] 896485294

{4,6.0125875000000004178,6.3001000000000004775,6.3001000000000004775,4,4} {4,6.0125875000000004178,6.3001000000000004775,6.3001000000000004775,4,4}  isolated point
  value=[0.0016983569763659445151,0.0016983575097027359124]
NO!
[11][12]gamma done!  896487177
[13][14][15][16][17][18][19]vor done!  896491553
C942925387 done
896491553
(no errors)
