 -- loading interval routines $Revision: 1.4 $
 -- loading lineInterval routines $Revision: 1.3 $ 
 -- loading derivative routines $Revision: 1.3 $ 
 -- untested procedures   setVorVcInverted, setVorSqc, array_multiply 
 -- loading taylor routines $Revision: 1.4 $ 
error(895361856): bad argument supplied to vorVc
error(895361856): inappropriate use of dihVc
sqrtx= {2.68103472219508,2.68103472219508}
error(895361856): bad argument supplied to vorVc
error(895361856): inappropriate use of dihVc
sqrtx= {2.681036222906991,2.681036222906992}
error(895361856): bad argument supplied to vorVc
error(895361856): inappropriate use of dihVc
sqrtx= {2.68103472219508,2.68103472219508}
error(895361856): bad argument supplied to vorVc
error(895361856): inappropriate use of dihVc
sqrtx= {2.681036222906991,2.681036222906992}
error(895361856): bad argument supplied to vorVc
error(895361856): inappropriate use of dihVc
sqrtx= {2.68103472219508,2.68103472219508}
error(895361856): bad argument supplied to vorVc
error(895361856): inappropriate use of dihVc
sqrtx= {2.681036222906991,2.681036222906992}
error(895361856): bad argument supplied to vorVc
error(895361856): inappropriate use of dihVc
sqrtx= {2.68103472219508,2.68103472219508}
error(895361856): bad argument supplied to vorVc
error(895361856): inappropriate use of dihVc
sqrtx= {2.681036222906991,2.681036222906992}
error(895361856): bad argument supplied to vorVc
error(895361856): inappropriate use of dihVc
sqrtx= {2.68103472219508,2.68103472219508}
error(895361856): bad argument supplied to vorVc
error(895361856): inappropriate use of dihVc
sqrtx= {2.681036222906991,2.681036222906992}
error(895361856): bad argument supplied to vorVc
error(895361856): inappropriate use of dihVc
sqrtx= {2.68103472219508,2.68103472219508}
error(895361856): bad argument supplied to vorVc
error(895361856): inappropriate use of dihVc
sqrtx= {2.681036222906991,2.681036222906992}
error(895361856): bad argument supplied to vorVc
error(895361856): inappropriate use of dihVc
sqrtx= {2.68103472219508,2.68103472219508}
error(895361856): bad argument supplied to vorVc
error(895361856): inappropriate use of dihVc
sqrtx= {2.681036222906991,2.681036222906992}
error(895361856): bad argument supplied to vorVc
error(895361856): inappropriate use of dihVc
sqrtx= {2.68103472219508,2.68103472219508}
error(895361856): bad argument supplied to vorVc
error(895361856): inappropriate use of dihVc
sqrtx= {2.681036222906991,2.681036222906992}
error(895361856): bad argument supplied to vorVc
error(895361856): inappropriate use of dihVc
sqrtx= {2.68103472219508,2.68103472219508}
error(895361856): bad argument supplied to vorVc
error(895361856): inappropriate use of dihVc
sqrtx= {2.681036222906991,2.681036222906992}
error(895361856): bad argument supplied to vorVc
error(895361856): inappropriate use of dihVc
sqrtx= {2.68103472219508,2.68103472219508}
error(895361856): bad argument supplied to vorVc
error(895361856): inappropriate use of dihVc
sqrtx= {2.681036222906991,2.681036222906992}
error(895361856): bad argument supplied to vorVc
error(895361856): inappropriate use of dihVc
sqrtx= {2.68103472219508,2.68103472219508}
error(895361856): bad argument supplied to vorVc
error(895361856): inappropriate use of dihVc
sqrtx= {2.681036222906991,2.681036222906992}
error(895361856): bad argument supplied to vorVc
error(895361856): inappropriate use of dihVc
sqrtx= {2.68103472219508,2.68103472219508}
error(895361856): bad argument supplied to vorVc
error(895361856): inappropriate use of dihVc
sqrtx= {2.681036222906991,2.681036222906992}
error(895361856): bad argument supplied to vorVc
error(895361856): inappropriate use of dihVc
sqrtx= {2.68103472219508,2.68103472219508}
error(895361856): bad argument supplied to vorVc
error(895361856): inappropriate use of dihVc
sqrtx= {2.681036222906991,2.681036222906992}
error(895361856): bad argument supplied to vorVc
error(895361856): inappropriate use of dihVc
sqrtx= {2.68103472219508,2.68103472219508}
error(895361856): bad argument supplied to vorVc
error(895361856): inappropriate use of dihVc
sqrtx= {2.681036222906991,2.681036222906992}
error(895361856): bad argument supplied to vorVc
error(895361856): inappropriate use of dihVc
sqrtx= {2.68103472219508,2.68103472219508}
error(895361856): bad argument supplied to vorVc
error(895361856): inappropriate use of dihVc
sqrtx= {2.681036222906991,2.681036222906992}
error(895361856): bad argument supplied to vorVc
error(895361856): inappropriate use of dihVc
sqrtx= {2.68103472219508,2.68103472219508}
error(895361856): bad argument supplied to vorVc
error(895361856): inappropriate use of dihVc
sqrtx= {2.681036222906991,2.681036222906992}
error(895361856): bad argument supplied to vorVc
error(895361856): inappropriate use of dihVc
sqrtx= {2.68103472219508,2.68103472219508}
error(895361856): bad argument supplied to vorVc
error(895361856): inappropriate use of dihVc
sqrtx= {2.681036222906991,2.681036222906992}
error(895361856): bad argument supplied to vorVc
error(895361856): inappropriate use of dihVc
sqrtx= {2.68103472219508,2.68103472219508}
error(895361856): bad argument supplied to vorVc
error(895361856): inappropriate use of dihVc
sqrtx= {2.681036222906991,2.681036222906992}
error(895361856): bad argument supplied to vorVc
error(895361856): inappropriate use of dihVc
sqrtx= {2.68103472219508,2.68103472219508}
error(895361856): bad argument supplied to vorVc
error(895361856): inappropriate use of dihVc
sqrtx= {2.681036222906991,2.681036222906992}
error(895361856): bad argument supplied to vorVc
error(895361856): inappropriate use of dihVc
sqrtx= {2.68103472219508,2.68103472219508}
error(895361856): bad argument supplied to vorVc
error(895361856): inappropriate use of dihVc
sqrtx= {2.681036222906991,2.681036222906992}
error(895361856): bad argument supplied to vorVc
error(895361856): inappropriate use of dihVc
sqrtx= {2.68103472219508,2.68103472219508}
error(895361856): bad argument supplied to vorVc
error(895361856): inappropriate use of dihVc
sqrtx= {2.681036222906991,2.681036222906992}
error(895361856): bad argument supplied to vorVc
error(895361856): inappropriate use of dihVc
sqrtx= {2.68103472219508,2.68103472219508}
error(895361856): bad argument supplied to vorVc
error(895361856): inappropriate use of dihVc
sqrtx= {2.681036222906991,2.681036222906992}
error(895361856): bad argument supplied to vorVc
error(895361856): inappropriate use of dihVc
sqrtx= {2.68103472219508,2.68103472219508}
error(895361856): bad argument supplied to vorVc
error(895361856): inappropriate use of dihVc
sqrtx= {2.681036222906991,2.681036222906992}
error(895361856): bad argument supplied to vorVc
error(895361856): inappropriate use of dihVc
sqrtx= {2.68103472219508,2.68103472219508}
error(895361856): bad argument supplied to vorVc
error(895361856): inappropriate use of dihVc
sqrtx= {2.681036222906991,2.681036222906992}
error(895361856): bad argument supplied to vorVc
error(895361856): inappropriate use of dihVc
sqrtx= {2.68103472219508,2.68103472219508}
error(895361856): bad argument supplied to vorVc
error(895361856): inappropriate use of dihVc
sqrtx= {2.681036222906991,2.681036222906992}
error(895361856): bad argument supplied to vorVc
error(895361856): inappropriate use of dihVc
sqrtx= {2.68103472219508,2.68103472219508}
error(895361856): bad argument supplied to vorVc
error(895361856): inappropriate use of dihVc
sqrtx= {2.681036222906991,2.681036222906992}
error(895361856): bad argument supplied to vorVc
error(895361856): inappropriate use of dihVc
sqrtx= {2.68103472219508,2.68103472219508}
error(895361856): bad argument supplied to vorVc
error(895361856): inappropriate use of dihVc
sqrtx= {2.681036222906991,2.681036222906992}
error(895361856): bad argument supplied to vorVc
error(895361856): inappropriate use of dihVc
sqrtx= {2.68103472219508,2.68103472219508}
error(895361856): bad argument supplied to vorVc
error(895361856): inappropriate use of dihVc
sqrtx= {2.681036222906991,2.681036222906992}
error(895361856): bad argument supplied to vorVc
error(895361856): inappropriate use of dihVc
sqrtx= {2.68103472219508,2.68103472219508}
error(895361856): bad argument supplied to vorVc
error(895361856): inappropriate use of dihVc
sqrtx= {2.681036222906991,2.681036222906992}
error(895361856): bad argument supplied to vorVc
error(895361856): inappropriate use of dihVc
sqrtx= {2.68103472219508,2.68103472219508}
error(895361856): bad argument supplied to vorVc
error(895361856): inappropriate use of dihVc
sqrtx= {2.681036222906991,2.681036222906992}
error(895361856): bad argument supplied to vorVc
error(895361856): inappropriate use of dihVc
sqrtx= {2.68103472219508,2.68103472219508}
error(895361856): bad argument supplied to vorVc
error(895361856): inappropriate use of dihVc
sqrtx= {2.681036222906991,2.681036222906992}
error(895361856): bad argument supplied to vorVc
error(895361856): inappropriate use of dihVc
sqrtx= {2.68103472219508,2.68103472219508}
error(895361856): bad argument supplied to vorVc
error(895361856): inappropriate use of dihVc
sqrtx= {2.681036222906991,2.681036222906992}
error(895361856): bad argument supplied to vorVc
error(895361856): inappropriate use of dihVc
sqrtx= {2.68103472219508,2.68103472219508}
error(895361856): bad argument supplied to vorVc
error(895361856): inappropriate use of dihVc
sqrtx= {2.681036222906991,2.681036222906992}
error(895361856): bad argument supplied to vorVc
error(895361856): inappropriate use of dihVc
sqrtx= {2.68103472219508,2.68103472219508}
error(895361856): bad argument supplied to vorVc
error(895361856): inappropriate use of dihVc
sqrtx= {2.681036222906991,2.681036222906992}
error(895361856): bad argument supplied to vorVc
error(895361856): inappropriate use of dihVc
sqrtx= {2.68103472219508,2.68103472219508}
error(895361856): bad argument supplied to vorVc
error(895361856): inappropriate use of dihVc
sqrtx= {2.681036222906991,2.681036222906992}
error(895361856): bad argument supplied to vorVc
error(895361856): inappropriate use of dihVc
sqrtx= {2.68103472219508,2.68103472219508}
error(895361856): bad argument supplied to vorVc
error(895361856): inappropriate use of dihVc
sqrtx= {2.681036222906991,2.681036222906992}
error(895361856): bad argument supplied to vorVc
error(895361856): inappropriate use of dihVc
sqrtx= {2.68103472219508,2.68103472219508}
error(895361856): bad argument supplied to vorVc
error(895361856): inappropriate use of dihVc
sqrtx= {2.681036222906991,2.681036222906992}
error(895361856): bad argument supplied to vorVc
error(895361856): inappropriate use of dihVc
sqrtx= {2.68103472219508,2.68103472219508}
error(895361856): bad argument supplied to vorVc
error(895361856): inappropriate use of dihVc
sqrtx= {2.681036222906991,2.681036222906992}
error(895361856): bad argument supplied to vorVc
error(895361856): inappropriate use of dihVc
sqrtx= {2.68103472219508,2.68103472219508}
error(895361856): bad argument supplied to vorVc
error(895361856): inappropriate use of dihVc
sqrtx= {2.681036222906991,2.681036222906992}
error(895361856): bad argument supplied to vorVc
error(895361856): inappropriate use of dihVc
sqrtx= {2.68103472219508,2.68103472219508}
error(895361856): bad argument supplied to vorVc
error(895361856): inappropriate use of dihVc
sqrtx= {2.681036222906991,2.681036222906992}
error(895361856): bad argument supplied to vorVc
error(895361856): inappropriate use of dihVc
sqrtx= {2.68103472219508,2.68103472219508}
error(895361856): bad argument supplied to vorVc
error(895361856): inappropriate use of dihVc
sqrtx= {2.681036222906991,2.681036222906992}
error(895361856): bad argument supplied to vorVc
error(895361856): inappropriate use of dihVc
sqrtx= {2.68103472219508,2.68103472219508}
error(895361856): bad argument supplied to vorVc
error(895361856): inappropriate use of dihVc
sqrtx= {2.681036222906991,2.681036222906992}
error(895361856): bad argument supplied to vorVc
error(895361856): inappropriate use of dihVc
sqrtx= {2.68103472219508,2.68103472219508}
error(895361856): bad argument supplied to vorVc
error(895361856): inappropriate use of dihVc
sqrtx= {2.681036222906991,2.681036222906992}
error(895361856): bad argument supplied to vorVc
error(895361856): inappropriate use of dihVc
sqrtx= {2.68103472219508,2.68103472219508}
error(895361856): bad argument supplied to vorVc
error(895361856): inappropriate use of dihVc
sqrtx= {2.681036222906991,2.681036222906992}
error(895361856): bad argument supplied to vorVc
error(895361856): inappropriate use of dihVc
sqrtx= {2.68103472219508,2.68103472219508}
error(895361856): bad argument supplied to vorVc
error(895361856): inappropriate use of dihVc
sqrtx= {2.681036222906991,2.681036222906992}
error(895361856): bad argument supplied to vorVc
error(895361856): inappropriate use of dihVc
sqrtx= {2.68103472219508,2.68103472219508}
error(895361856): bad argument supplied to vorVc
error(895361856): inappropriate use of dihVc
sqrtx= {2.681036222906991,2.681036222906992}
error(895361856): bad argument supplied to vorVc
error(895361856): inappropriate use of dihVc
sqrtx= {2.68103472219508,2.68103472219508}
error(895361856): bad argument supplied to vorVc
error(895361856): inappropriate use of dihVc
sqrtx= {2.681036222906991,2.681036222906992}
error(895361856): bad argument supplied to vorVc
error(895361856): inappropriate use of dihVc
sqrtx= {2.68103472219508,2.68103472219508}
error(895361856): bad argument supplied to vorVc
error(895361856): inappropriate use of dihVc
sqrtx= {2.681036222906991,2.681036222906992}
error(895361856): bad argument supplied to vorVc
error(895361856): inappropriate use of dihVc
sqrtx= {2.68103472219508,2.68103472219508}
error(895361856): bad argument supplied to vorVc
error(895361856): inappropriate use of dihVc
sqrtx= {2.681036222906991,2.681036222906992}
error(895361856): bad argument supplied to vorVc
error(895361856): inappropriate use of dihVc
sqrtx= {2.68103472219508,2.68103472219508}
error(895361856): bad argument supplied to vorVc
error(895361856): inappropriate use of dihVc
sqrtx= {2.681036222906991,2.681036222906992}
error(895361856): bad argument supplied to vorVc
Too many errors. Bailing out...
(errors: 201)
