\BOOKMARK [0][-]{chapter*.1}{Preface}{}
\BOOKMARK [-1][-]{part.1}{to 20ptIFoundational Material}{}
\BOOKMARK [0][-]{chapter.1}{Trigonometry}{part.1}
\BOOKMARK [1][-]{subsection.1.0.1}{sine and cosine}{chapter.1}
\BOOKMARK [2][-]{subsection.1.0.2}{periodicity}{subsection.1.0.1}
\BOOKMARK [2][-]{subsection.1.0.3}{tangent}{subsection.1.0.1}
\BOOKMARK [2][-]{subsection.1.0.4}{arctangent}{subsection.1.0.1}
\BOOKMARK [2][-]{subsection.1.0.5}{other inverse trig functions}{subsection.1.0.1}
\BOOKMARK [1][-]{section.1.1}{Triangle Inequality}{chapter.1}
\BOOKMARK [2][-]{subsection.1.1.1}{coordinates}{section.1.1}
\BOOKMARK [2][-]{subsection.1.1.2}{affine geometry}{section.1.1}
\BOOKMARK [1][-]{section.1.2}{Angle}{chapter.1}
\BOOKMARK [2][-]{subsection.1.2.1}{cross product}{section.1.2}
\BOOKMARK [2][-]{subsection.1.2.2}{dihedral angle}{section.1.2}
\BOOKMARK [2][-]{subsection.1.2.3}{beta cones }{section.1.2}
\BOOKMARK [2][-]{subsection.1.2.4}{Euler angle sum}{section.1.2}
\BOOKMARK [2][-]{subsection.1.2.5}{polar coordinates}{section.1.2}
\BOOKMARK [2][-]{subsection.1.2.6}{spherical coordinates}{section.1.2}
\BOOKMARK [2][-]{subsection.1.2.7}{zenith angle}{section.1.2}
\BOOKMARK [2][-]{subsection.1.2.8}{general frames}{section.1.2}
\BOOKMARK [2][-]{subsection.1.2.9}{spherical triangle inequality}{section.1.2}
\BOOKMARK [0][-]{chapter.2}{Volume Calculations}{part.1}
\BOOKMARK [1][-]{section.2.1}{Properties of Measure}{chapter.2}
\BOOKMARK [2][-]{subsection.2.1.1}{properties of null sets}{section.2.1}
\BOOKMARK [2][-]{subsection.2.1.2}{properties of measure}{section.2.1}
\BOOKMARK [2][-]{subsection.2.1.3}{properties of volume}{section.2.1}
\BOOKMARK [2][-]{subsection.2.1.4}{radial sets and solid angle}{section.2.1}
\BOOKMARK [1][-]{section.2.2}{Primitive Volumes}{chapter.2}
\BOOKMARK [2][-]{subsection.2.2.1}{ball}{section.2.2}
\BOOKMARK [2][-]{subsection.2.2.2}{wedge}{section.2.2}
\BOOKMARK [2][-]{subsection.2.2.3}{solid triangle}{section.2.2}
\BOOKMARK [2][-]{subsection.2.2.4}{conic cap}{section.2.2}
\BOOKMARK [2][-]{subsection.2.2.5}{frustum}{section.2.2}
\BOOKMARK [2][-]{subsection.2.2.6}{tetrahedron}{section.2.2}
\BOOKMARK [2][-]{subsection.2.2.7}{primitive}{section.2.2}
\BOOKMARK [2][-]{subsection.2.2.8}{primitive volume calculation}{section.2.2}
\BOOKMARK [2][-]{subsection.2.2.9}{wedge}{section.2.2}
\BOOKMARK [2][-]{subsection.2.2.10}{solid angle of primitives}{section.2.2}
\BOOKMARK [2][-]{subsection.2.2.11}{combining solid angle and volume}{section.2.2}
\BOOKMARK [1][-]{section.2.3}{Scissors and Volumes}{chapter.2}
\BOOKMARK [2][-]{subsection.2.3.1}{lune}{section.2.3}
\BOOKMARK [2][-]{subsection.2.3.2}{Rogers simplex}{section.2.3}
\BOOKMARK [2][-]{subsection.2.3.3}{Rogers's lemma}{section.2.3}
\BOOKMARK [2][-]{subsection.2.3.4}{quoin}{section.2.3}
\BOOKMARK [2][-]{subsection.2.3.5}{truncating Rogers}{section.2.3}
\BOOKMARK [1][-]{section.2.4}{Composite Regions}{chapter.2}
\BOOKMARK [2][-]{subsection.2.4.1}{plates}{section.2.4}
\BOOKMARK [2][-]{subsection.2.4.2}{corner cells}{section.2.4}
\BOOKMARK [2][-]{subsection.2.4.3}{truncated corner cells}{section.2.4}
\BOOKMARK [2][-]{subsection.2.4.4}{inverted truncated corner cells}{section.2.4}
\BOOKMARK [2][-]{subsection.2.4.5}{overlapping truncated corner cells}{section.2.4}
\BOOKMARK [2][-]{subsection.2.4.6}{crowns}{section.2.4}
\BOOKMARK [1][-]{section.2.5}{Finiteness and Volume}{chapter.2}
\BOOKMARK [0][-]{chapter.3}{Hypermap}{part.1}
\BOOKMARK [1][-]{section.3.1}{Basic Concepts}{chapter.3}
\BOOKMARK [2][-]{subsection.3.1.1}{walkups}{section.3.1}
\BOOKMARK [2][-]{subsection.3.1.2}{walkups and planarity}{section.3.1}
\BOOKMARK [2][-]{subsection.3.1.3}{double walkups}{section.3.1}
\BOOKMARK [2][-]{subsection.3.1.4}{contours}{section.3.1}
\BOOKMARK [1][-]{section.3.2}{Quotient Hypermaps}{chapter.3}
\BOOKMARK [2][-]{subsection.3.2.1}{flags}{section.3.2}
\BOOKMARK [2][-]{subsection.3.2.2}{face insertion}{section.3.2}
\BOOKMARK [2][-]{subsection.3.2.3}{transforming partitions}{section.3.2}
\BOOKMARK [2][-]{subsection.3.2.4}{new hypermaps}{section.3.2}
\BOOKMARK [2][-]{subsection.3.2.5}{generating hypermaps}{section.3.2}
\BOOKMARK [1][-]{section.3.3}{Connected Sum}{chapter.3}
\BOOKMARK [0][-]{chapter.4}{Hypermap and Geometry}{part.1}
\BOOKMARK [1][-]{section.4.1}{Topology of fans}{chapter.4}
\BOOKMARK [2][-]{subsection.4.1.1}{basic topology}{section.4.1}
\BOOKMARK [2][-]{subsection.4.1.2}{components and darts}{section.4.1}
\BOOKMARK [2][-]{subsection.4.1.3}{components and faces}{section.4.1}
\BOOKMARK [1][-]{section.4.2}{Deformations of Fans}{chapter.4}
\BOOKMARK [2][-]{subsection.4.2.1}{simplifying a hypermap}{section.4.2}
\BOOKMARK [2][-]{subsection.4.2.2}{vertex paths}{section.4.2}
\BOOKMARK [2][-]{subsection.4.2.3}{convexity}{section.4.2}
\BOOKMARK [2][-]{subsection.4.2.4}{triangulations}{section.4.2}
\BOOKMARK [2][-]{subsection.4.2.5}{planarity}{section.4.2}
\BOOKMARK [2][-]{subsection.4.2.6}{minimum distance}{section.4.2}
\BOOKMARK [2][-]{subsection.4.2.7}{containment of truncated corner cells}{section.4.2}
\BOOKMARK [-1][-]{part.2}{to 20ptIIA Detailed Proof of the Kepler Conjecture}{}
\BOOKMARK [0][-]{chapter.5}{The Top-Level Structure of the Proof}{part.2}
\BOOKMARK [1][-]{section.5.1}{Statement of Theorems}{chapter.5}
\BOOKMARK [2][-]{subsection.5.1.1}{Basic Concepts in the Proof}{section.5.1}
\BOOKMARK [2][-]{subsection.5.1.2}{Logical Skeleton of the Proof}{section.5.1}
\BOOKMARK [2][-]{subsection.5.1.3}{Proofs of the Central Claims}{section.5.1}
\BOOKMARK [1][-]{section.5.2}{Partitioning Space}{chapter.5}
\BOOKMARK [2][-]{subsection.5.2.1}{Description of the Q-system}{section.5.2}
\BOOKMARK [2][-]{subsection.5.2.2}{Cells}{section.5.2}
\BOOKMARK [1][-]{section.5.3}{Scoring}{chapter.5}
\BOOKMARK [2][-]{subsection.5.3.1}{Definitions}{section.5.3}
\BOOKMARK [2][-]{subsection.5.3.2}{Negligibility}{section.5.3}
\BOOKMARK [2][-]{subsection.5.3.3}{Fcc-compatibility}{section.5.3}
\BOOKMARK [0][-]{chapter.6}{Partitioning Cells}{part.2}
\BOOKMARK [1][-]{section.6.1}{Interaction of cells with the Q-system}{chapter.6}
\BOOKMARK [1][-]{section.6.2}{Fitted Crowns}{chapter.6}
\BOOKMARK [2][-]{subsection.6.2.1}{definition}{section.6.2}
\BOOKMARK [2][-]{subsection.6.2.2}{overlap}{section.6.2}
\BOOKMARK [1][-]{section.6.3}{Simplex Types}{chapter.6}
\BOOKMARK [2][-]{subsection.6.3.1}{disjointness}{section.6.3}
\BOOKMARK [2][-]{subsection.6.3.2}{type A}{section.6.3}
\BOOKMARK [2][-]{subsection.6.3.3}{type B}{section.6.3}
\BOOKMARK [2][-]{subsection.6.3.4}{type C}{section.6.3}
\BOOKMARK [2][-]{subsection.6.3.5}{type D}{section.6.3}
\BOOKMARK [2][-]{subsection.6.3.6}{type D}{section.6.3}
\BOOKMARK [2][-]{subsection.6.3.7}{type E}{section.6.3}
\BOOKMARK [2][-]{subsection.6.3.8}{summary}{section.6.3}
\BOOKMARK [0][-]{chapter.7}{From Sphere Packings to Hypermaps}{part.2}
\BOOKMARK [1][-]{section.7.1}{Fans}{chapter.7}
\BOOKMARK [2][-]{subsection.7.1.1}{standard graph}{section.7.1}
\BOOKMARK [2][-]{subsection.7.1.2}{deleting a Node}{section.7.1}
\BOOKMARK [2][-]{subsection.7.1.3}{degenerate Darts}{section.7.1}
\BOOKMARK [2][-]{subsection.7.1.4}{aggregated graphs}{section.7.1}
\BOOKMARK [2][-]{subsection.7.1.5}{connected sums and aggregating}{section.7.1}
\BOOKMARK [2][-]{subsection.7.1.6}{masked quarters}{section.7.1}
\BOOKMARK [2][-]{subsection.7.1.7}{enhanced graph}{section.7.1}
\BOOKMARK [2][-]{subsection.7.1.8}{maximal graph}{section.7.1}
\BOOKMARK [1][-]{section.7.2}{Scoring}{chapter.7}
\BOOKMARK [2][-]{subsection.7.2.1}{Voronoi cells and simplices}{section.7.2}
\BOOKMARK [2][-]{subsection.7.2.2}{truncation}{section.7.2}
\BOOKMARK [2][-]{subsection.7.2.3}{scores}{section.7.2}
\BOOKMARK [2][-]{subsection.7.2.4}{scoring}{section.7.2}
\BOOKMARK [2][-]{subsection.7.2.5}{truncated tetrahedron}{section.7.2}
\BOOKMARK [2][-]{subsection.7.2.6}{squander}{section.7.2}
\BOOKMARK [1][-]{section.7.3}{Special Structures}{chapter.7}
\BOOKMARK [2][-]{subsection.7.3.1}{Classification of Quadrilateral Regions}{section.7.3}
\BOOKMARK [0][-]{chapter.8}{Local Bounds}{part.2}
\BOOKMARK [1][-]{section.8.1}{A Sample Proof}{chapter.8}
\BOOKMARK [2][-]{subsection.8.1.1}{initial analysis}{section.8.1}
\BOOKMARK [2][-]{subsection.8.1.2}{list form of the proof}{section.8.1}
\BOOKMARK [2][-]{subsection.8.1.3}{assembly proofs as rooted trees}{section.8.1}
\BOOKMARK [1][-]{section.8.2}{Triangles}{chapter.8}
\BOOKMARK [2][-]{subsection.8.2.1}{positivity}{section.8.2}
\BOOKMARK [2][-]{subsection.8.2.2}{types}{section.8.2}
\BOOKMARK [1][-]{section.8.3}{Bounds in Quadrilateral Regions}{chapter.8}
\BOOKMARK [2][-]{subsection.8.3.1}{pure bound}{section.8.3}
\BOOKMARK [2][-]{subsection.8.3.2}{quad cluster bound}{section.8.3}
\BOOKMARK [2][-]{subsection.8.3.3}{local optimality}{section.8.3}
\BOOKMARK [2][-]{subsection.8.3.4}{a mixed quad bound}{section.8.3}
\BOOKMARK [1][-]{section.8.4}{Quarters}{chapter.8}
\BOOKMARK [2][-]{subsection.8.4.1}{contexts}{section.8.4}
\BOOKMARK [2][-]{subsection.8.4.2}{slices}{section.8.4}
\BOOKMARK [2][-]{subsection.8.4.3}{slices do not overlap}{section.8.4}
\BOOKMARK [2][-]{subsection.8.4.4}{four and five darts}{section.8.4}
\BOOKMARK [2][-]{subsection.8.4.5}{penalty constants}{section.8.4}
\BOOKMARK [2][-]{subsection.8.4.6}{flat quarters}{section.8.4}
\BOOKMARK [1][-]{section.8.5}{Miscellaneous Bounds}{chapter.8}
\BOOKMARK [2][-]{subsection.8.5.1}{small dihedral angles}{section.8.5}
\BOOKMARK [0][-]{chapter.9}{Local Bounds in Exceptional Regions}{part.2}
\BOOKMARK [1][-]{section.9.1}{The Main Theorem}{chapter.9}
\BOOKMARK [2][-]{subsection.9.1.1}{Nonagons}{section.9.1}
\BOOKMARK [2][-]{subsection.9.1.2}{Distinguished edge conditions}{section.9.1}
\BOOKMARK [2][-]{subsection.9.1.3}{Scoring subclusters}{section.9.1}
\BOOKMARK [2][-]{subsection.9.1.4}{Proof}{section.9.1}
\BOOKMARK [2][-]{subsection.9.1.5}{Preparation of the standard cluster}{section.9.1}
\BOOKMARK [2][-]{subsection.9.1.6}{Reduction to polygons}{section.9.1}
\BOOKMARK [2][-]{subsection.9.1.7}{Convexity}{section.9.1}
\BOOKMARK [1][-]{section.9.2}{Proof of main theorem for Convex Polygons}{chapter.9}
\BOOKMARK [2][-]{subsection.9.2.1}{Deformations}{section.9.2}
\BOOKMARK [2][-]{subsection.9.2.2}{Truncated corner cells}{section.9.2}
\BOOKMARK [2][-]{subsection.9.2.3}{Penalties}{section.9.2}
\BOOKMARK [2][-]{subsection.9.2.4}{Penalties and Bounds}{section.9.2}
\BOOKMARK [2][-]{subsection.9.2.5}{Penalties}{section.9.2}
\BOOKMARK [2][-]{subsection.9.2.6}{Constants}{section.9.2}
\BOOKMARK [2][-]{subsection.9.2.7}{Triangles}{section.9.2}
\BOOKMARK [2][-]{subsection.9.2.8}{Quadrilaterals}{section.9.2}
\BOOKMARK [2][-]{subsection.9.2.9}{Pentagons}{section.9.2}
\BOOKMARK [2][-]{subsection.9.2.10}{Hexagons and heptagons}{section.9.2}
\BOOKMARK [2][-]{subsection.9.2.11}{Loops}{section.9.2}
\BOOKMARK [0][-]{chapter.10}{Tame Hypermaps}{part.2}
\BOOKMARK [1][-]{section.10.1}{Definition and Classification}{chapter.10}
\BOOKMARK [2][-]{subsection.10.1.1}{Weight Assignments}{section.10.1}
\BOOKMARK [2][-]{subsection.10.1.2}{Hypermap Properties}{section.10.1}
\BOOKMARK [2][-]{subsection.10.1.3}{Classification of Tame Hypermaps}{section.10.1}
\BOOKMARK [1][-]{section.10.2}{Contravention is Tame}{chapter.10}
\BOOKMARK [2][-]{subsection.10.2.1}{hypermap is not empty}{section.10.2}
\BOOKMARK [2][-]{subsection.10.2.2}{first properties of hypermaps}{section.10.2}
\BOOKMARK [2][-]{subsection.10.2.3}{contravening hypermaps}{section.10.2}
\BOOKMARK [2][-]{subsection.10.2.4}{linear programs}{section.10.2}
\BOOKMARK [2][-]{subsection.10.2.5}{possible four-circuits}{section.10.2}
\BOOKMARK [2][-]{subsection.10.2.6}{weight assignments}{section.10.2}
\BOOKMARK [2][-]{subsection.10.2.7}{admissibility}{section.10.2}
\BOOKMARK [2][-]{subsection.10.2.8}{separated sets}{section.10.2}
\BOOKMARK [2][-]{subsection.10.2.9}{more about tame hypermaps}{section.10.2}
\BOOKMARK [2][-]{subsection.10.2.10}{weight assignments for aggregates}{section.10.2}
\BOOKMARK [2][-]{subsection.10.2.11}{A non-contravening four-circuit}{section.10.2}
\BOOKMARK [-1][-]{part.3}{to 20ptIIILinear Programs}{}
\BOOKMARK [0][-]{chapter.11}{Linear Programming and Relaxation}{part.3}
\BOOKMARK [1][-]{section.11.1}{Introduction}{chapter.11}
\BOOKMARK [1][-]{section.11.2}{Review of Hypermaps}{chapter.11}
\BOOKMARK [1][-]{section.11.3}{Linear Programming}{chapter.11}
\BOOKMARK [2][-]{subsection.11.3.1}{Preliminaries}{section.11.3}
\BOOKMARK [2][-]{subsection.11.3.2}{Infeasibility}{section.11.3}
\BOOKMARK [2][-]{subsection.11.3.3}{The Abstract Theory}{section.11.3}
\BOOKMARK [2][-]{subsection.11.3.4}{Inequalities from a Database}{section.11.3}
\BOOKMARK [1][-]{section.11.4}{Hypermap Systems}{chapter.11}
\BOOKMARK [2][-]{subsection.11.4.1}{Statement of the Main LP Bound}{section.11.4}
\BOOKMARK [2][-]{subsection.11.4.2}{Flags}{section.11.4}
\BOOKMARK [2][-]{subsection.11.4.3}{Bifurcation}{section.11.4}
\BOOKMARK [2][-]{subsection.11.4.4}{Weak infeasibility}{section.11.4}
\BOOKMARK [2][-]{subsection.11.4.5}{Variable indexing}{section.11.4}
\BOOKMARK [2][-]{subsection.11.4.6}{Interpretation}{section.11.4}
\BOOKMARK [2][-]{subsection.11.4.7}{Penalty Constants}{section.11.4}
\BOOKMARK [1][-]{section.11.5}{Inequalities}{chapter.11}
\BOOKMARK [2][-]{subsection.11.5.1}{Variable Bounds}{section.11.5}
\BOOKMARK [2][-]{subsection.11.5.2}{Triangles}{section.11.5}
\BOOKMARK [2][-]{subsection.11.5.3}{Quadrilaterals}{section.11.5}
\BOOKMARK [1][-]{section.11.6}{Final Specs}{chapter.11}
\BOOKMARK [2][-]{subsection.11.6.1}{Primary Tame Hypermap System}{section.11.6}
\BOOKMARK [2][-]{subsection.11.6.2}{Refinement -- Lookup}{section.11.6}
\BOOKMARK [2][-]{subsection.11.6.3}{Connected Sum -- Hypermaps}{section.11.6}
\BOOKMARK [2][-]{subsection.11.6.4}{Constants}{section.11.6}
\BOOKMARK [1][-]{section.11.7}{Implementing the Proof of Weak Infeasibility}{chapter.11}
\BOOKMARK [1][-]{section.11.8}{Conclusions}{chapter.11}
\BOOKMARK [2][-]{subsection.11.8.1}{Mathematica}{section.11.8}
\BOOKMARK [2][-]{subsection.11.8.2}{An example of a log file}{section.11.8}
\BOOKMARK [2][-]{subsection.11.8.3}{What is still missing from this document}{section.11.8}
\BOOKMARK [0][-]{chapter.12}{Tame Linear Systems and Centered Packings}{part.3}
\BOOKMARK [1][-]{section.12.1}{Centered Packings and Linear Programming}{chapter.12}
\BOOKMARK [2][-]{subsection.12.1.1}{Definition of R}{section.12.1}
\BOOKMARK [2][-]{subsection.12.1.2}{Satisfaction of Axioms \(A\)}{section.12.1}
\BOOKMARK [-1][-]{part.4}{to 20ptIVComputations}{}
\BOOKMARK [0][-]{chapter.13}{Interval Arithmetic}{part.4}
\BOOKMARK [0][-]{chapter.14}{Dimension Reduction}{part.4}
\BOOKMARK [1][-]{section.14.1}{The vanishing gradient}{chapter.14}
\BOOKMARK [1][-]{section.14.2}{Vertex Push}{chapter.14}
\BOOKMARK [1][-]{section.14.3}{Dihedral Angle}{chapter.14}
\BOOKMARK [1][-]{section.14.4}{Compression}{chapter.14}
\BOOKMARK [1][-]{section.14.5}{Voronoi functions}{chapter.14}
\BOOKMARK [1][-]{section.14.6}{Voronoi and Solid}{chapter.14}
\BOOKMARK [1][-]{section.14.7}{Some deformations}{chapter.14}
\BOOKMARK [0][-]{chapter.15}{Linear Assembly Problems}{part.4}
\BOOKMARK [1][-]{section.15.1}{Linear Assembly Problems}{chapter.15}
\BOOKMARK [2][-]{subsection.15.1.1}{solving linear assembly problems}{section.15.1}
\BOOKMARK [2][-]{subsection.15.1.2}{nonlinear duality}{section.15.1}
\BOOKMARK [2][-]{subsection.15.1.3}{branch and bound}{section.15.1}
\BOOKMARK [1][-]{section.15.2}{Definitions and Interpretations}{chapter.15}
\BOOKMARK [1][-]{section.15.3}{Basic Relations}{chapter.15}
\BOOKMARK [1][-]{section.15.4}{Listing of Assembly Problems}{chapter.15}
\BOOKMARK [2][-]{subsection.15.4.1}{Triangles}{section.15.4}
\BOOKMARK [2][-]{subsection.15.4.2}{Triangle-Quad Types}{section.15.4}
\BOOKMARK [2][-]{subsection.15.4.3}{Five triangles around a node}{section.15.4}
\BOOKMARK [2][-]{subsection.15.4.4}{Limitations on Types}{section.15.4}
\BOOKMARK [2][-]{subsection.15.4.5}{Two darts at an upright node}{section.15.4}
\BOOKMARK [2][-]{subsection.15.4.6}{Three darts at an upright node}{section.15.4}
\BOOKMARK [2][-]{subsection.15.4.7}{Six darts at an upright node}{section.15.4}
\BOOKMARK [2][-]{subsection.15.4.8}{Five darts at an upright node}{section.15.4}
\BOOKMARK [2][-]{subsection.15.4.9}{Four darts at an upright node}{section.15.4}
\BOOKMARK [2][-]{subsection.15.4.10}{Flat quarters}{section.15.4}
\BOOKMARK [2][-]{subsection.15.4.11}{Tame Plane Graphs}{section.15.4}
\BOOKMARK [2][-]{subsection.15.4.12}{Computer Calculations and Their Consequences}{section.15.4}
\BOOKMARK [1][-]{section.15.5}{Assembly Problems Cut from Elsewhere}{chapter.15}
\BOOKMARK [2][-]{subsection.15.5.1}{Quarters score nonpositive}{section.15.5}
\BOOKMARK [2][-]{subsection.15.5.2}{A particular 4-circuit}{section.15.5}
\BOOKMARK [2][-]{subsection.15.5.3}{mixed bound}{section.15.5}
\BOOKMARK [2][-]{subsection.15.5.4}{A particular 5-circuit}{section.15.5}
\BOOKMARK [2][-]{subsection.15.5.5}{truncated corner cell calculations}{section.15.5}
\BOOKMARK [0][-]{chapter.16}{Elementary Theory of the Reals}{part.4}
\BOOKMARK [1][-]{section.16.1}{Introduction}{chapter.16}
\BOOKMARK [2][-]{subsection.16.1.1}{Flyspeck}{section.16.1}
\BOOKMARK [2][-]{subsection.16.1.2}{Complexity}{section.16.1}
\BOOKMARK [2][-]{subsection.16.1.3}{Methods of Proof}{section.16.1}
\BOOKMARK [2][-]{subsection.16.1.4}{Formalization}{section.16.1}
\BOOKMARK [2][-]{subsection.16.1.5}{Stick Figures}{section.16.1}
\BOOKMARK [2][-]{subsection.16.1.6}{Usage Notes}{section.16.1}
\BOOKMARK [1][-]{section.16.2}{Functions}{chapter.16}
\BOOKMARK [2][-]{subsection.16.2.1}{Definitions}{section.16.2}
\BOOKMARK [2][-]{subsection.16.2.2}{Polynomial Identities}{section.16.2}
\BOOKMARK [1][-]{section.16.3}{Geometry Definitions}{chapter.16}
\BOOKMARK [1][-]{section.16.4}{Two Points}{chapter.16}
\BOOKMARK [2][-]{subsection.16.4.1}{Lines}{section.16.4}
\BOOKMARK [1][-]{section.16.5}{Three Points}{chapter.16}
\BOOKMARK [2][-]{subsection.16.5.1}{Cayley-Menger}{section.16.5}
\BOOKMARK [2][-]{subsection.16.5.2}{Triangle Inequality: case of equality}{section.16.5}
\BOOKMARK [1][-]{section.16.6}{Four Points}{chapter.16}
\BOOKMARK [2][-]{subsection.16.6.1}{Barycentric Coordinates}{section.16.6}
\BOOKMARK [2][-]{subsection.16.6.2}{Circumradius}{section.16.6}
\BOOKMARK [2][-]{subsection.16.6.3}{Cayley-Menger}{section.16.6}
\BOOKMARK [2][-]{subsection.16.6.4}{Crossing Line Segments}{section.16.6}
\BOOKMARK [2][-]{subsection.16.6.5}{A Point in a Triangle}{section.16.6}
\BOOKMARK [2][-]{subsection.16.6.6}{A Point in a Skinny Triangle}{section.16.6}
\BOOKMARK [1][-]{section.16.7}{Some Trigonometry}{chapter.16}
\BOOKMARK [2][-]{subsection.16.7.1}{Interval Arithmetic Calculations}{section.16.7}
\BOOKMARK [2][-]{subsection.16.7.2}{Pivots}{section.16.7}
\BOOKMARK [2][-]{subsection.16.7.3}{Beta Cones}{section.16.7}
\BOOKMARK [1][-]{section.16.8}{Five Points}{chapter.16}
\BOOKMARK [2][-]{subsection.16.8.1}{Cayley-Menger}{section.16.8}
\BOOKMARK [2][-]{subsection.16.8.2}{Pass Through}{section.16.8}
\BOOKMARK [2][-]{subsection.16.8.3}{A Line Crossing a Triangle}{section.16.8}
\BOOKMARK [2][-]{subsection.16.8.4}{A Line Passing Through a Triangle \(Tables\)}{section.16.8}
\BOOKMARK [2][-]{subsection.16.8.5}{Cone Separation}{section.16.8}
\BOOKMARK [2][-]{subsection.16.8.6}{Barriers}{section.16.8}
\BOOKMARK [2][-]{subsection.16.8.7}{A Point in a Tetrahedron}{section.16.8}
\BOOKMARK [2][-]{subsection.16.8.8}{A Constructed Point}{section.16.8}
\BOOKMARK [2][-]{subsection.16.8.9}{Barycentric Coordinates}{section.16.8}
\BOOKMARK [2][-]{subsection.16.8.10}{Barycentric Coordinate Applications}{section.16.8}
\BOOKMARK [2][-]{subsection.16.8.11}{Polyhedron vs. Polytope}{section.16.8}
\BOOKMARK [2][-]{subsection.16.8.12}{Rogers's Lemma}{section.16.8}
\BOOKMARK [2][-]{subsection.16.8.13}{Circumradius}{section.16.8}
\BOOKMARK [2][-]{subsection.16.8.14}{Orientation}{section.16.8}
\BOOKMARK [2][-]{subsection.16.8.15}{Rogers in a Simplex}{section.16.8}
\BOOKMARK [2][-]{subsection.16.8.16}{Epsilon arguments}{section.16.8}
\BOOKMARK [2][-]{subsection.16.8.17}{Decoupling}{section.16.8}
\BOOKMARK [2][-]{subsection.16.8.18}{A Point in a Skinny Tetrahedron}{section.16.8}
\BOOKMARK [2][-]{subsection.16.8.19}{Nonconvex Quadrilaterals}{section.16.8}
\BOOKMARK [2][-]{subsection.16.8.20}{Convex Quadrilaterals}{section.16.8}
\BOOKMARK [2][-]{subsection.16.8.21}{Quad Enclosed}{section.16.8}
\BOOKMARK [1][-]{section.16.9}{Miscellaneous}{chapter.16}
\BOOKMARK [2][-]{subsection.16.9.1}{Misc-cont}{section.16.9}
\BOOKMARK [2][-]{subsection.16.9.2}{Octahedra}{section.16.9}
\BOOKMARK [2][-]{subsection.16.9.3}{Line and Simplex}{section.16.9}
\BOOKMARK [2][-]{subsection.16.9.4}{Separation Triangle Triangle}{section.16.9}
\BOOKMARK [2][-]{subsection.16.9.5}{Separation Simplex and Triangle}{section.16.9}
\BOOKMARK [2][-]{subsection.16.9.6}{Simplex Simplex}{section.16.9}
\BOOKMARK [2][-]{subsection.16.9.7}{Dumped Without Context}{section.16.9}
\BOOKMARK [2][-]{subsection.16.9.8}{Dumped from DCG page 119, 11.5, 11.6, 11.7}{section.16.9}
\BOOKMARK [2][-]{subsection.16.9.9}{Extracted From Volumes}{section.16.9}
\BOOKMARK [2][-]{subsection.16.9.10}{From truncating Rogers}{section.16.9}
\BOOKMARK [2][-]{subsection.16.9.11}{Extracted from Hypermap}{section.16.9}
\BOOKMARK [0][-]{chapter.17}{Open Issues}{part.4}
\BOOKMARK [1][-]{section.17.1}{Notation}{chapter.17}
\BOOKMARK [1][-]{section.17.2}{Definitions}{chapter.17}
\BOOKMARK [1][-]{section.17.3}{Define before use}{chapter.17}
\BOOKMARK [1][-]{section.17.4}{Policy Things}{chapter.17}
\BOOKMARK [1][-]{section.17.5}{Incomplete Things in Tarski}{chapter.17}
\BOOKMARK [1][-]{section.17.6}{Change in Tame Graph Definition}{chapter.17}
\BOOKMARK [1][-]{section.17.7}{Things to do: hypermaps}{chapter.17}
\BOOKMARK [0][-]{chapter*.22}{Bibliography}{part.4}
