"taylorInterval.cc", line 583: Warning: x is defined but not used.
"taylorInterval.cc", line 583: Warning: z is defined but not used.
"taylorInterval.cc", line 583: Warning: DD is defined but not used.
3 Warning(s) detected.
CC -g +w -O2 -c recurse.cc 
CC -g +w -O2 part3.cc error.o interval.o lineInterval.o secondDerive.o taylorInterval.o recurse.o -o part3 -lm 
diefledermaus:hales% 
diefledermaus:hales% part3
 -- loading interval routines $Revision: 1.3 $
-0.123462630085146685132713173517 0.45242164372692028617706228033 -0.450956755272072518092585369232 -0.195608386486404051129994741132
{-0.204022596469949579756075763726,0.0556763070605539173163478494643}
 -0.204022596469949552000500148097
 
-0.130146183660390046821220266793 0.288628803369243347454187187395 -0.27553636280404070202365574005 -0.0902890102847377362671466016764
{-0.0795277306808439693464052311356,0.0358600060786105484522678921166}
 -0.0795277306808439554686174233212
 
-0.0645619067964721127239613451821 -0.0134434034241767697004377168924 -0.226248970000305194005818520964 0.150624103518784080435466421477
{-0.00972457933268190514997098006234,0.0146070649139575202413166010728}
 -0.00972457933268190341524750408553
 
-0.499938962981048007350182160736 -0.336390270699179094737729656118 -0.150929288613544154706858080318 0.310510574663533378547697338944
{-0.155236334691936178620252917427,0.0754554320329225702845832302045}
 -0.155236334691936150864677301798
 
-0.42132328257087925393875593727 -0.109454634235663983421460443424 0.236747337260048151819091799552 0.424314096499526893779830061248
{-0.178773407978277509844389214778,-0.025913093206065950652172702462}
 -0.178773407978277482088813599149
 
 -- loading lineInterval routines $Revision: 1.1 $ 
 -- loading derivative routines $Revision: 1.2 $ 
 -- untested procedures   setVorVcInverted, setVorSqc, array_multiply 
 -- installing taylor routines $Revision: 1.2 $ 
not tested :   
 taylorInterval::upper/lowerboundQ  
 taylorSimplex:dih,dih2,dih3,sol,lowVorVc,highVorVc,vorSqc,vor  
  eta2_126, eta2_135, eta2_234, eta2_456  
 taylorQrtet : dih,dih2,dih3,sol,rad2,gamma,gamma1,gamma32,  vor,vor1,vor32  
 taylorFlat : gamma,vor,sol,dih,dih2,dih3  
 taylorUpright : gamma,vor,vorVc,sol,dih,dih2,dih3;  swapVor, swapVorVc; 
 
[0] 879897736
gamma done! 
vor done! 
C619245724 done
gamma done! 
vor done! 
C678284947 done
gamma done! 
[1]vor done! 
C970731712 done
gamma done! 
Illegal instruction

diefledermaus:hales% !mak
make part3
CC -g +w  part3.cc error.o interval.o lineInterval.o secondDerive.o taylorInterval.o recurse.o -o part3 -lm 
diefledermaus:hales% part3
 -- loading interval routines $Revision: 1.3 $
 -- loading lineInterval routines $Revision: 1.1 $ 
 -- loading derivative routines $Revision: 1.2 $ 
 -- untested procedures   setVorVcInverted, setVorSqc, array_multiply 
 -- installing taylor routines $Revision: 1.2 $ 
not tested :   
 taylorInterval::upper/lowerboundQ  
 taylorSimplex:dih,dih2,dih3,sol,lowVorVc,highVorVc,vorSqc,vor  
  eta2_126, eta2_135, eta2_234, eta2_456  
 taylorQrtet : dih,dih2,dih3,sol,rad2,gamma,gamma1,gamma32,  vor,vor1,vor32  
 taylorFlat : gamma,vor,sol,dih,dih2,dih3  
 taylorUpright : gamma,vor,vorVc,sol,dih,dih2,dih3;  swapVor, swapVorVc; 
 
[0] 879899364
gamma done! 
vor done! 
C921602098 done
gamma done! 
vor done! 
C338482233 done
 
{4,4,4,4,4,4} {4,4,4,4,4,4}  isolated point
  value=[-2.8668433599277065583e-10,2.868274437406448385e-10]
NO!
gamma done! 
Illegal instruction

CC -g +w -O2 part3.cc error.o interval.o lineInterval.o secondDerive.o taylorInterval.o recurse.o -o part3 -lm 
diefledermaus:hales% part3
 -- loading interval routines $Revision: 1.3 $
-0.262199774163029919460399241871 0.404446546830652731152611067955 -0.199972533341471636614272711086 0.276787621692556440322618982463
{-0.0808782005709357820766314262074,0.111945797799023527563377911064}
 -0.0808782005709357681988436183929
 
0.137745292519913298256994949042 0.191061128574480321162809559609 -0.356959746086001172837853800957 0.0486617633594774723349019041052
{-0.0682011319428513229645716364758,0.00929737142588606124693484389354}
 -0.0682011319428513090867838286613
 
-0.323419904171880268073380193528 0.0901058992278817028065418526239 -0.351161229285561704571705377021 -0.348902859584337921017294092963
{-0.0316416983387438899288923721543,0.113572531124416051251380110898}
 -0.031641698338743882989998468247
 
-0.431821649830622322774331678375 0.125080111087374490352885914035 -0.268486587115085328925090379926 -0.154988250373851776942046853947
{-0.0335823321418249262637623075989,0.115938321005429265109221148577}
 -0.0335823321418249193248684036917
 
-0.166737876522110695098888299981 0.220938749351481611427061579888 -0.454771568956572169728502785802 -0.428922391430402560885681850778
{-0.100476661685876142438011981995,0.0758276457104474915782432731248}
 -0.10047666168587612856022417418
 
 -- loading lineInterval routines $Revision: 1.1 $ 
 -- loading derivative routines $Revision: 1.2 $ 
 -- untested procedures   setVorVcInverted, setVorSqc, array_multiply 
 -- installing taylor routines $Revision: 1.2 $ 
not tested :   
 taylorInterval::upper/lowerboundQ  
 taylorSimplex:dih,dih2,dih3,sol,lowVorVc,highVorVc,vorSqc,vor  
  eta2_126, eta2_135, eta2_234, eta2_456  
 taylorQrtet : dih,dih2,dih3,sol,rad2,gamma,gamma1,gamma32,  vor,vor1,vor32  
 taylorFlat : gamma,vor,sol,dih,dih2,dih3  
 taylorUpright : gamma,vor,vorVc,sol,dih,dih2,dih3;  swapVor, swapVorVc; 
 
[0] 879902616
 
{4,4,4,4,4,4} {4,4,4,4,4,4}  isolated point
  value=[-2.8668433599277065583e-10,2.868274437406448385e-10]
NO!
gamma done! 
vor done! 
C156673846 done
gamma done! 
vor done! 
C363044842 done
gamma done! 
[1]vor done! 
C68229886 done
gamma done! 
vor done! 
C996335124 done
gamma done! 
vor done! 
C722658871 done
gamma done! 
vor done! 
C226224557 done
gamma done! 
[2]vor done! 
C914585134 done
gamma done! 
vor done! 
C296182719 done
gamma done! 
[3]vor done! 
C538860011 done
gamma done! 
vor done! 
C886673381 done
[4]C250597127 done
C229576653 done
C141552816 done
879908416
(no errors)

