
New Case = 355
numargs = 6
2.37994371599353609e-05
{2.82842461936835798,2.00266023434319074,2,2,2.00266023434303397,2}

New Case = 617
numargs = 6
0.0559879938979149783
{2.70718338079173648,2.28729473854791321,2.12749999999999995,2.38249999999999984,2.12749999999999995,2.25499999999999989}

New Case = 688
numargs = 6
0.000540382517622034486
{2.80384150402050469,2.12749999999999995,2.12749999999999995,2,2.12749999999999995,2.12749999999999995}

New Case = 690
numargs = 6
0.00963559576548286834
{2.80384150402050514,2.12749999999999995,2.12749999999999995,2,2.12749999999999995,2.12749999999999995}

New Case = 703
numargs = 6
0.095305472624010304
{2.80384150402050603,2.12749999999999995,2.12749999999999995,2.25499999999999989,2,2.12749999999999995}

New Case = 705
numargs = 6
0.0855911380603315841
{2.80384150402050514,2.12749999999999995,2,2.25499999999999989,2.2457434658651847,2.12749999999999995}

New Case = 707
numargs = 6
0.0893324524985614765
{2.80384150402050514,2.12749999999999995,2.24574346586518425,2.25499999999999989,2,2.12749999999999995}

New Case = 709
numargs = 6
0.0187314229706921492
{2.79631627722876708,2.14502135906075786,2.12749999999999995,2.25499999999999989,2.16230864522645394,2.14497844858591025}

New Case = 761
numargs = 6
0.000589604697884164169
{2.82248877867752235,2,2.0637500000000002,2,2.0637500000000002,2.0637500000000002}

New Case = 765
numargs = 6
0.00676353214323453453
{2.82248877867751613,2,2.0637500000000002,2,2.0637500000000002,2}

New Case = 837
numargs = 6
0.000464848815941484373
{2.82842712474618985,2.00000000265083733,2.00000000044859316,2,2,2.00000002685834177}

New Case = 859
numargs = 6
0.0100683169525948996
{2.82484517519379263,2.09808958271173918,2.0980895827117374,2,2,2}

New Case = 882
numargs = 6
0.000620748953891574196
{2.82842712474618985,2,2.00000002921293918,2.01590414065797141,2.00000001363876256,2}

New Case = 899
numargs = 6
0.0072860905003857418
{2.82805565102432821,2.0637500000000002,2.03215055649402077,2,2,2}

New Case = 969
numargs = 6
0.00723663381365875855
{2.82687329199290893,2.04326649009163974,2,2,2.06518623120335132,2.02242106962795276}

New Case = 972
numargs = 6
0.014480362231012317
{2.82842711544692849,2.0001624324625471,2.00016208288528485,2.06035467348270096,2,2}

New Case = 1000
numargs = 6
0.000367756480027485542
{2.82842712474618985,2.00000000000000044,2.00000003798905635,2.02067129011180269,2,2}

New Case = 1008
numargs = 6
0.000602049142830632855
{2.82842712474619118,2,2,2,2,2}

 smallest case = 2.37994371599353609e-05

---------

