 -- loading interval routines $Revision: 1.4 $
 -- loading lineInterval routines $Revision: 1.3 $ 
 -- loading derivative routines $Revision: 1.3 $ 
 -- loading taylor routines $Revision: 1.4 $ 
 -- not tested :   
      taylorInterval::upper/lowerboundQ  
      adhoc20::vorspecial2at135, tauspecial2at135 
[0] 896759306
C642039701 done
C6999406873 done
C583956642 done
C301255700 done
gamma done!  896759562
vor done!  896759585
C652020790 done
[1]gamma done!  896760013
vor done!  896760054
C786938555 done
gamma done!  896760337
vor done!  896760362
C290675447 done
[2]C99742666 done
[3][4]C534430072 done
C672796958 done
[5]gamma done!  896761971
[6][7][8][9][10] 896764139
vor done!  896764480
C769119384 done
[11][12]gamma done!  896765799
[13][14][15][16][17][18][19]vor done!  896769521
C942925387 done
C630241868 done
C972447547 done
C439095236 done
896769553
(no errors)
