898703429
 -- loading interval routines $Revision: 1.4 $
 -- loading lineInterval routines $Revision: 1.3 $ 
 -- loading derivative routines $Revision: 1.3 $ 
 -- loading taylor routines $Revision: 1.5 $ 
 -- Installation complete -- 


Section A10

Begin verification of 214637273
898703430
[0] 898703430
[1][2][3][4]Verification complete
898708786
Begin verification of 751772680
898708786
[5][6][7][8][9][10] 898714902
[11][12][13][14][15][16]Verification complete
898721676
Begin verification of 366146051
898721676
[17][18][19][20] 898726008
[21][22][23][24][25][26]Verification complete
898732489
Begin verification of 675766140
898732489
[27][28]Verification complete
898735483
Begin verification of 520734758
898735483
[29][30] 898736591
Verification complete
898736675
(no errors)
