Begin verification of 572206659
899034573
[0] 899034573
Verification complete
899034716
Begin verification of 310679005
899034716
[1][2][3][4][5][6][7][8][9][10] 899042270
[11][12][13][14][15][16][17][18][19][20] 899050001
[21][22][23][24][25][26][27][28][29][30] 899057831
[31][32][33][34][35][36][37][38][39][40] 899065581
[41][42][43][44][45][46][47][48][49][50] 899072031
[51][52][53][54][55][56][57][58][59][60] 899078771
[61][62][63][64][65][66][67][68][69][70] 899085434
[71][72][73][74][75][76][77][78][79][80] 899092030
[81][82][83][84][85][86][87][88][89][90] 899098735
[91][92][93][94][95][96][97][98][99][100] 899106504
[101][102][103][104][105][106][107][108][109][110] 899114309
[111][112][113][114][115][116][117][118][119][120] 899121934
[121][122][123][124][125][126][127][128][129][130] 899128599
[131][132][133][134][135][136][137][138][139][140] 899135283
[141][142][143][144][145][146][147][148][149][150] 899141908
Verification complete
899142536
(no errors)
