 -- loading interval routines $Revision: 1.4 $
 -- loading lineInterval routines $Revision: 1.3 $ 
 -- loading derivative routines $Revision: 1.3 $ 
 -- loading taylor routines $Revision: 1.5 $ 
 -- Installation complete -- 


Section A6

Begin verification of 555481748
898696199
[0] 898696199
Verification complete
898696226
Begin verification of 615152889
898696226
Verification complete
898696257
Begin verification of 647971645
898696257
Verification complete
898696313
Begin verification of 516606403
898696313
Verification complete
898696456
Begin verification of 690552204
898696456
Verification complete
898696858
Begin verification of 852763473
898696858
Verification complete
898697418
all done!
(no errors)
