 -- loading interval routines $Revision: 1.5 $
 -- loading lineInterval routines $Revision: 1.4 $ 
 -- loading derivative routines $Revision: 1.4 $ 
 -- loading taylor routines $Revision: 1.6 $ 
 -- Installation complete -- 


Section VI.A.3.1

Begin verification of 572068135
900547505
[0] 900547505
gamma done
Verification complete
900547549
Begin verification of 723700608
900547549
Verification complete
900547611
Begin verification of 560470084
900547611
gamma done
vor done
vorVc done
vorVc done
[1]Verification complete
900548150
Begin verification of 535502975
900548150
Verification complete
900548320
all done!
(no errors)
