 -- loading interval routines $Revision: 1.5 $
 -- loading lineInterval routines $Revision: 1.4 $ 
 -- loading derivative routines $Revision: 1.4 $ 
 -- loading taylor routines $Revision: 1.6 $ 
 -- Installation complete -- 


Section VI.A.3.9

Begin verification of 161665083
900643885
[0] 900643885
Verification complete
900643886
900643886
(no errors)


 -- loading derivative routines $Revision: 1.4 $ 
 -- loading taylor routines $Revision: 1.6 $ 
 -- Installation complete -- 


Section VI.A.4.4.1

Begin verification of 867513567
900643894
 dih2-a done 
 dih2-b done 
 dih1-a done 
[1][2] dih1-b done 
fs: gamma done
[3][4][5][6]fs: vor done
fs: vorVc done
[7]fs: vorVc done
fs: vorVc done
 sig-a done 


(abort and restart)
 -- loading interval routines $Revision: 1.5 $
 -- loading lineInterval routines $Revision: 1.4 $ 
 -- loading derivative routines $Revision: 1.4 $ 
 -- loading taylor routines $Revision: 1.6 $ 
 -- Installation complete -- 


Section VI.A.4.4.1

Begin verification of 867513567
900683392
[0] 900683392
fs: gamma done
[1][2][3][4][5]fs: vor done
fs: vorVc done
fs: vorVc done
fs: vorVc done
 sig-b done 
[6]fs: gamma done
[7]fs: vor done
fs: vorVc done
fs: vorVc done
fs: vorVc done
 sig-c done 
[8]fs: gamma done
[9][10] 900689310
[11][12]fs: vor done
fs: vorVc done
fs: vorVc done
[13]fs: vorVc done
 sig-d done 
fs: gamma done
[14]fs: vor done
fs: vorVc done
fs: vorVc done
fs: vorVc done
 sig-d done 
fs: gamma done
[15]fs: vor done
fs: vorVc done
fs: vorVc done
fs: vorVc done
 sig-e done 
fs: gamma done
[16]fs: vor done
fs: vorVc done
fs: vorVc done
fs: vorVc done
 tau-a done 
Verification complete
900694110
all done!
(no errors)
