 -- loading interval routines $Revision: 1.5 $
 -- loading lineInterval routines $Revision: 1.5 $ 
 -- loading derivative routines $Revision: 1.4 $ 
 -- loading taylor routines $Revision: 1.6 $ 
 -- Installation complete -- 


Section VI.A.7

Begin verification of 104506452
900743502
[0] 900743502
[1][2][3][4][5][6][7][8][9][10] 900756475
[11][12]Verification complete
900760150
Begin verification of 601083647
900760150
Verification complete
900760150
Begin verification of 543730647
900760150
[13]Verification complete
900760161
Begin verification of 163030624
900760161
Verification complete
900760163
Begin verification of 181462710
900760163

{4,4,4,8,4,4} {4,4,4,8,4,4}  isolated point
  value=[-2.6665369912137748543e-10,2.6668134367469065182e-10]
FAIL! 181462710
900760459
all done!
(no errors)
