 -- loading interval routines $Revision: 1.5 $
 -- loading lineInterval routines $Revision: 1.4 $ 
 -- loading derivative routines $Revision: 1.4 $ 
 -- loading taylor routines $Revision: 1.6 $ 
 -- Installation complete -- 


Section VI.A.4.5.7

Begin verification of 424186518
900630714
[0] 900630714
Verification complete
900631418
Begin verification of 424186519
900631418
[1][2][3]Verification complete
900634160
Begin verification of 424186520
900634160
424186517+3completed by Sam. F. 
Verification complete
900634160
all done!
(no errors)
