 -- loading interval routines $Revision: 1.5 $
 -- loading lineInterval routines $Revision: 1.4 $ 
 -- loading derivative routines $Revision: 1.4 $ 
 -- loading taylor routines $Revision: 1.6 $ 
 -- Installation complete -- 


Section VI.A.4.5.1

Begin verification of 498839271
900639209
[0] 900639209
[1][2][3][4] dih1-a done 
[5] dih1-b done 
 dih2-a done 
 dih2-b done 
[6] sol-a done 
 sol-b done 
 gamma-a done 
 vor-a done 
[7] tau-a done 
[8][9] tauV-a done 
error(900645117): missing case
FAIL! 498839271
900645117
all done!
(errors: 1)

// The error message is harmless. It was generated by a missing break
// statement at the end of the run.  TCH.
