 -- loading interval routines $Revision: 1.5 $
 -- loading lineInterval routines $Revision: 1.5 $ 
 -- loading derivative routines $Revision: 1.4 $ 
 -- loading taylor routines $Revision: 1.6 $ 
 -- Installation complete -- 


Section VI.A.4.12

Begin verification of 704795925
900697584
[0] 900697584
 gamma-a done 
 vor-a done 
 tau-a done 
 tauV-a done 
Verification complete
900697818
Begin verification of 332919646
900697818
fs: gamma done
fs: vor done
fs: vorVc done
fs: vorVc done
fs: vorVc done
 sighat done 
fs: gamma done
fs: vor done
fs: vorVc done
fs: vorVc done
fs: vorVc done
 tauhat done 
Verification complete
900698416
Begin verification of 335795137
900698416
 vor done 
 tauV done 
Verification complete
900698485
all done!
(no errors)
