 -- loading interval routines $Revision: 1.4 $
 -- loading lineInterval routines $Revision: 1.3 $ 
 -- loading derivative routines $Revision: 1.3 $ 
 -- loading taylor routines $Revision: 1.5 $ 
 -- Installation complete -- 


Section A8

Begin verification of 499014780
898656595
[0] 898656595
Verification complete
898656595
Begin verification of 901845849
898656595
Verification complete
898656595
Begin verification of 410091263
898656595
Verification complete
898656595
Begin verification of 125103581
898656595
Verification complete
898656596
Begin verification of 504968542
898656596
Verification complete
898656599
Begin verification of 770716154
898656599
Verification complete
898656599
Begin verification of 666090270
898656599
Verification complete
898656599
all done!
(no errors)
