 -- loading interval routines $Revision: 1.4 $
 -- loading lineInterval routines $Revision: 1.3 $ 
 -- loading derivative routines $Revision: 1.3 $ 
 -- loading taylor routines $Revision: 1.5 $ 
 -- Installation complete -- 


Section A7

Begin verification of 679673664
898698266
[0] 898698266
Verification complete
898699569
Begin verification of 926514235
898699569
[1]Verification complete
898700734
Begin verification of 459744700
898700734
Verification complete
898702448
Begin verification of 79400832
898702448
[2]Verification complete
898704880
Begin verification of 277388353
898704880
[3][4]Verification complete
898706903
Begin verification of 839852751
898706903
[5][6][7][8]Verification complete
898713149
Begin verification of 787458652
898713149
[9][10] 898716261
[11][12][13]Verification complete
898721994
all done!
(no errors)
