 -- loading interval routines $Revision: 1.4 $
 -- loading lineInterval routines $Revision: 1.3 $ 
 -- loading derivative routines $Revision: 1.3 $ 
 -- loading taylor routines $Revision: 1.5 $ 
 -- Installation complete -- 


Section A3

Begin verification of 334002329
898640546
[0] 898640546
gamma done!  898641624
vor done!  898643668
Verification complete
898643668
Begin verification of 883139937
898643668
[1]gamma done!  898645010
[2][3][4]vor done!  898649418
Verification complete
898649418
Begin verification of 507989176
898649418
[5]gamma done!  898650764
[6][7][8]vor done!  898654677
Verification complete
898654677
Begin verification of 244435805
898654677
[9]gamma done!  898656329
[10] 898657508
[11][12]vor done!  898662479
Verification complete
898662479
Begin verification of 930176500
898662479
[13]gamma done!  898663447
[14][15]vor done!  898667285
Verification complete
898667285
Begin verification of 815681339
898667285
[16]gamma done!  898667860
[17]vor done!  898670674
Verification complete
898670674
(no errors)
