This is pdfTeX, Version 3.1415926-1.40.11 (TeX Live 2010) (format=pdflatex 2010.7.21)  15 JAN 2013 06:02
entering extended mode
 \write18 enabled.
 file:line:error style messages enabled.
 %&-line parsing enabled.
**fullkepler.tex
(./fullkepler.tex
LaTeX2e <2009/09/24>
Babel <v3.8l> and hyphenation patterns for english, dumylang, nohyphenation, ge
rman-x-2009-06-19, ngerman-x-2009-06-19, ancientgreek, ibycus, arabic, armenian
, basque, bulgarian, catalan, pinyin, coptic, croatian, czech, danish, dutch, u
kenglish, usenglishmax, esperanto, estonian, farsi, finnish, french, galician, 
german, ngerman, swissgerman, monogreek, greek, hungarian, icelandic, assamese,
 bengali, gujarati, hindi, kannada, malayalam, marathi, oriya, panjabi, tamil, 
telugu, indonesian, interlingua, irish, italian, kurmanji, lao, latin, latvian,
 lithuanian, mongolian, mongolianlmc, bokmal, nynorsk, polish, portuguese, roma
nian, russian, sanskrit, serbian, slovak, slovenian, spanish, swedish, turkish,
 turkmen, ukrainian, uppersorbian, welsh, loaded.
(./newsiambook.cls
Document Class: newsiambook 2002/05/01 v1.6.2 Customized LaTeX document class
(./newsiambk10.clo
File: newsiambk10.clo 2000/05/03 v1.5 Customized LaTeX file (size option)
)
\c@part=\count79
\c@chapter=\count80
\c@section=\count81
\c@subsection=\count82
\c@subsubsection=\count83
\c@paragraph=\count84
\c@subparagraph=\count85
\c@figure=\count86
\c@table=\count87
\abovecaptionskip=\skip41
\belowcaptionskip=\skip42
\c@algorithm=\count88
\bibindent=\dimen102
\proofboxwd=\skip43
\c@theorem=\count89
\c@rmnum=\count90
\c@muni=\count91
\c@prob=\count92
)
(/usr/local/texlive/2010/texmf-dist/tex/latex/graphics/graphicx.sty
Package: graphicx 1999/02/16 v1.0f Enhanced LaTeX Graphics (DPC,SPQR)

(/usr/local/texlive/2010/texmf-dist/tex/latex/graphics/keyval.sty
Package: keyval 1999/03/16 v1.13 key=value parser (DPC)
\KV@toks@=\toks14
)
(/usr/local/texlive/2010/texmf-dist/tex/latex/graphics/graphics.sty
Package: graphics 2009/02/05 v1.0o Standard LaTeX Graphics (DPC,SPQR)

(/usr/local/texlive/2010/texmf-dist/tex/latex/graphics/trig.sty
Package: trig 1999/03/16 v1.09 sin cos tan (DPC)
)
(/usr/local/texlive/2010/texmf-dist/tex/latex/latexconfig/graphics.cfg
File: graphics.cfg 2010/04/23 v1.9 graphics configuration of TeX Live
)
Package graphics Info: Driver file: pdftex.def on input line 91.

(/usr/local/texlive/2010/texmf-dist/tex/latex/pdftex-def/pdftex.def
File: pdftex.def 2010/02/14 v0.04n Graphics/color for pdfTeX
\Gread@gobject=\count93
))
\Gin@req@height=\dimen103
\Gin@req@width=\dimen104
)
(/usr/local/texlive/2010/texmf-dist/tex/latex/tools/verbatim.sty
Package: verbatim 2003/08/22 v1.5q LaTeX2e package for verbatim enhancements
\every@verbatim=\toks15
\verbatim@line=\toks16
\verbatim@in@stream=\read1
)
(/usr/local/texlive/2010/texmf-dist/tex/latex/base/latexsym.sty
Package: latexsym 1998/08/17 v2.2e Standard LaTeX package (lasy symbols)
\symlasy=\mathgroup4
LaTeX Font Info:    Overwriting symbol font `lasy' in version `bold'
(Font)                  U/lasy/m/n --> U/lasy/b/n on input line 47.
)
(/usr/local/texlive/2010/texmf-dist/tex/latex/amsfonts/amsfonts.sty
Package: amsfonts 2009/06/22 v3.00 Basic AMSFonts support
\@emptytoks=\toks17
\symAMSa=\mathgroup5
\symAMSb=\mathgroup6
LaTeX Font Info:    Overwriting math alphabet `\mathfrak' in version `bold'
(Font)                  U/euf/m/n --> U/euf/b/n on input line 96.
)
(/usr/local/texlive/2010/texmf-dist/tex/latex/amsmath/amsmath.sty
Package: amsmath 2000/07/18 v2.13 AMS math features
\@mathmargin=\skip44

For additional information on amsmath, use the `?' option.
(/usr/local/texlive/2010/texmf-dist/tex/latex/amsmath/amstext.sty
Package: amstext 2000/06/29 v2.01

(/usr/local/texlive/2010/texmf-dist/tex/latex/amsmath/amsgen.sty
File: amsgen.sty 1999/11/30 v2.0
\@emptytoks=\toks18
\ex@=\dimen105
))
(/usr/local/texlive/2010/texmf-dist/tex/latex/amsmath/amsbsy.sty
Package: amsbsy 1999/11/29 v1.2d
\pmbraise@=\dimen106
)
(/usr/local/texlive/2010/texmf-dist/tex/latex/amsmath/amsopn.sty
Package: amsopn 1999/12/14 v2.01 operator names
)
\inf@bad=\count94
LaTeX Info: Redefining \frac on input line 211.
\uproot@=\count95
\leftroot@=\count96
LaTeX Info: Redefining \overline on input line 307.
\classnum@=\count97
\DOTSCASE@=\count98
LaTeX Info: Redefining \ldots on input line 379.
LaTeX Info: Redefining \dots on input line 382.
LaTeX Info: Redefining \cdots on input line 467.
\Mathstrutbox@=\box26
\strutbox@=\box27
\big@size=\dimen107
LaTeX Font Info:    Redeclaring font encoding OML on input line 567.
LaTeX Font Info:    Redeclaring font encoding OMS on input line 568.
\macc@depth=\count99
\c@MaxMatrixCols=\count100
\dotsspace@=\muskip10
\c@parentequation=\count101
\dspbrk@lvl=\count102
\tag@help=\toks19
\row@=\count103
\column@=\count104
\maxfields@=\count105
\andhelp@=\toks20
\eqnshift@=\dimen108
\alignsep@=\dimen109
\tagshift@=\dimen110
\tagwidth@=\dimen111
\totwidth@=\dimen112
\lineht@=\dimen113
\@envbody=\toks21
\multlinegap=\skip45
\multlinetaggap=\skip46
\mathdisplay@stack=\toks22
LaTeX Info: Redefining \[ on input line 2666.
LaTeX Info: Redefining \] on input line 2667.
)
(/usr/local/texlive/2010/texmf-dist/tex/latex/base/makeidx.sty
Package: makeidx 2000/03/29 v1.0m Standard LaTeX package
)
(/usr/local/texlive/2010/texmf-dist/tex/latex/tools/multicol.sty
Package: multicol 2008/12/05 v1.6h multicolumn formatting (FMi)
\c@tracingmulticols=\count106
\mult@box=\box28
\multicol@leftmargin=\dimen114
\c@unbalance=\count107
\c@collectmore=\count108
\doublecol@number=\count109
\multicoltolerance=\count110
\multicolpretolerance=\count111
\full@width=\dimen115
\page@free=\dimen116
\premulticols=\dimen117
\postmulticols=\dimen118
\multicolsep=\skip47
\multicolbaselineskip=\skip48
\partial@page=\box29
\last@line=\box30
\mult@rightbox=\box31
\mult@grightbox=\box32
\mult@gfirstbox=\box33
\mult@firstbox=\box34
\@tempa=\box35
\@tempa=\box36
\@tempa=\box37
\@tempa=\box38
\@tempa=\box39
\@tempa=\box40
\@tempa=\box41
\@tempa=\box42
\@tempa=\box43
\@tempa=\box44
\@tempa=\box45
\@tempa=\box46
\@tempa=\box47
\@tempa=\box48
\@tempa=\box49
\@tempa=\box50
\@tempa=\box51
\c@columnbadness=\count112
\c@finalcolumnbadness=\count113
\last@try=\dimen119
\multicolovershoot=\dimen120
\multicolundershoot=\dimen121
\mult@nat@firstbox=\box52
\colbreak@box=\box53
) (./crop.sty
Package: crop 1999/05/15 v1.3a cropmarks (mf)
\CROP@offset=\count114
Package crop Info: Local config file crop.cfg used on input line 204.

(/usr/local/texlive/2010/texmf-dist/tex/xelatex/xetexconfig/crop.cfg))
\@indexfile=\write3
\openout3 = `fullkepler.idx'.


Writing index file fullkepler.idx
\@input{kepmacros.aux}
\openout2 = `kepmacros.aux'.

(./kepmacros.tex
\c@calcf=\count115
)
\c@lem=\count116
\c@thm=\count117
\c@prop=\count118
\c@cor=\count119
\c@defn=\count120
 (./fullkepler.aux)
\openout1 = `fullkepler.aux'.

LaTeX Font Info:    Checking defaults for OML/cmm/m/it on input line 96.
LaTeX Font Info:    ... okay on input line 96.
LaTeX Font Info:    Checking defaults for T1/cmr/m/n on input line 96.
LaTeX Font Info:    ... okay on input line 96.
LaTeX Font Info:    Checking defaults for OT1/cmr/m/n on input line 96.
LaTeX Font Info:    ... okay on input line 96.
LaTeX Font Info:    Checking defaults for OMS/cmsy/m/n on input line 96.
LaTeX Font Info:    ... okay on input line 96.
LaTeX Font Info:    Checking defaults for OMX/cmex/m/n on input line 96.
LaTeX Font Info:    ... okay on input line 96.
LaTeX Font Info:    Checking defaults for U/cmr/m/n on input line 96.
LaTeX Font Info:    ... okay on input line 96.

(/usr/local/texlive/2010/texmf-dist/tex/context/base/supp-pdf.mkii
[Loading MPS to PDF converter (version 2006.09.02).]
\scratchcounter=\count121
\scratchdimen=\dimen122
\scratchbox=\box54
\nofMPsegments=\count122
\nofMParguments=\count123
\everyMPshowfont=\toks23
\MPscratchCnt=\count124
\MPscratchDim=\dimen123
\MPnumerator=\count125
\everyMPtoPDFconversion=\toks24
) (/usr/local/texlive/2010/texmf-dist/tex/generic/oberdiek/pdftexcmds.sty
Package: pdftexcmds 2010/04/01 v0.9 Utility functions of pdfTeX for LuaTeX (HO)


(/Users/thomashales/Library/texmf/tex/latex/oberdiek/infwarerr.sty
Package: infwarerr 2007/09/09 v1.2 Providing info/warning/message (HO)
)
(/usr/local/texlive/2010/texmf-dist/tex/generic/oberdiek/ifluatex.sty
Package: ifluatex 2010/03/01 v1.3 Provides the ifluatex switch (HO)
Package ifluatex Info: LuaTeX not detected.
)
(/usr/local/texlive/2010/texmf-dist/tex/generic/oberdiek/ltxcmds.sty
Package: ltxcmds 2010/04/26 v1.7 LaTeX kernel commands for general use (HO)
)
Package pdftexcmds Info: LuaTeX not detected.
Package pdftexcmds Info: \pdf@primitive is available.
Package pdftexcmds Info: \pdf@ifprimitive is available.
)
(/usr/local/texlive/2010/texmf-dist/tex/latex/oberdiek/epstopdf-base.sty
Package: epstopdf-base 2010/02/09 v2.5 Base part for package epstopdf

(/usr/local/texlive/2010/texmf-dist/tex/latex/oberdiek/grfext.sty
Package: grfext 2007/09/30 v1.0 Managing graphics extensions (HO)
)
(/usr/local/texlive/2010/texmf-dist/tex/latex/oberdiek/kvoptions.sty
Package: kvoptions 2010/02/22 v3.7 Keyval support for LaTeX options (HO)

(/Users/thomashales/Library/texmf/tex/latex/oberdiek/kvsetkeys.sty
Package: kvsetkeys 2009/12/22 v1.7 Key value parser (HO)

(/Users/thomashales/Library/texmf/tex/latex/oberdiek/etexcmds.sty
Package: etexcmds 2007/12/12 v1.2 Prefix for e-TeX command names (HO)
Package etexcmds Info: Could not find \expanded.
(etexcmds)             That can mean that you are not using pdfTeX 1.50 or
(etexcmds)             that some package has redefined \expanded.
(etexcmds)             In the latter case, load this package earlier.
)))
Package grfext Info: Graphics extension search list:
(grfext)             [.png,.pdf,.jpg,.mps,.jpeg,.jbig2,.jb2,.PNG,.PDF,.JPG,.JPE
G,.JBIG2,.JB2,.eps]
(grfext)             \AppendGraphicsExtensions on input line 436.

(/usr/local/texlive/2010/texmf-dist/tex/latex/latexconfig/epstopdf-sys.cfg
File: epstopdf-sys.cfg 2010/07/13 v1.3 Configuration of (r)epstopdf for TeX Liv
e
))
LaTeX Font Info:    Try loading font information for U+lasy on input line 104.

(/usr/local/texlive/2010/texmf-dist/tex/latex/base/ulasy.fd
File: ulasy.fd 1998/08/17 v2.2e LaTeX symbol font definitions
)
LaTeX Font Info:    Try loading font information for U+msa on input line 104.

(/usr/local/texlive/2010/texmf-dist/tex/latex/amsfonts/umsa.fd
File: umsa.fd 2009/06/22 v3.00 AMS symbols A
)
LaTeX Font Info:    Try loading font information for U+msb on input line 104.

(/usr/local/texlive/2010/texmf-dist/tex/latex/amsfonts/umsb.fd
File: umsb.fd 2009/06/22 v3.00 AMS symbols B
) [1{/usr/local/texlive/2010/texmf-var/fonts/map/pdftex/updmap/pdftex.map}




] [2

]
(./fullkepler.toc
Underfull \hbox (badness 10000) detected at line 2
\OT1/cmr/bx/n/10 I
 []


Underfull \hbox (badness 10000) detected at line 19
\OT1/cmr/bx/n/10 II
 []

[1

]
Underfull \hbox (badness 10000) detected at line 45
\OT1/cmr/bx/n/10 III
 []

[2]
Underfull \hbox (badness 10000) detected at line 69
\OT1/cmr/bx/n/10 IV
 []

[3]
Underfull \hbox (badness 10000) detected at line 112
\OT1/cmr/bx/n/10 V
 []


Underfull \hbox (badness 10000) detected at line 143
\OT1/cmr/bx/n/10 VI
 []

[4] [5])
\tf@toc=\write4
\openout4 = `fullkepler.toc'.

 [6] [7

] (./abstract1.tex) (./abstract2.tex) (./abstract3.tex)
(./abstract4.tex) (./abstract5.tex) [8] (./abstract6.tex) [9] [10


] [1

] [2]
Section 1.
(./intro1.tex) (./historical.tex
Package epstopdf Info: Source file: <PS/fcc_small.eps>
(epstopdf)                    date: 2002-02-25 21:49:12
(epstopdf)                    size: 72556 bytes
(epstopdf)             Output file: <PS/fcc_small-eps-converted-to.pdf>
(epstopdf)                    date: 2013-01-14 21:13:32
(epstopdf)                    size: 97948 bytes
(epstopdf)             Command: <epstopdf --outfile=PS/fcc_small-eps-converted-
to.pdf PS/fcc_small.eps>
(epstopdf)             \includegraphics on input line 60.
Package epstopdf Info: Output file is already uptodate.

<PS/fcc_small-eps-converted-to.pdf, id=58, 159.59625pt x 121.45375pt>
File: PS/fcc_small-eps-converted-to.pdf Graphic file (type pdf)

<use PS/fcc_small-eps-converted-to.pdf> [3

] [4 <./PS/fcc_small-eps-converted-to.pdf>] [5] [6]

./historical.tex:307: LaTeX Error: Unknown graphics extension: .ps.

See the LaTeX manual or LaTeX Companion for explanation.
Type  H <return>  for immediate help.
 ...                                              
                                                  
l.307   \includegraphics{PS/diag21.ps}
                                      
? 
[7] [8]
LaTeX Font Info:    Try loading font information for OMS+cmr on input line 458.

 (/usr/local/texlive/2010/texmf-dist/tex/latex/base/omscmr.fd
File: omscmr.fd 1999/05/25 v2.5h Standard LaTeX font definitions
)
LaTeX Font Info:    Font shape `OMS/cmr/m/n' in size <10> not available
(Font)              Font shape `OMS/cmsy/m/n' tried instead on input line 458.
 [9]
[10] [11] [12]
Section 2.
[13

]
Package epstopdf Info: Source file: <PS/t51.eps>
(epstopdf)                    date: 2003-01-09 11:03:16
(epstopdf)                    size: 112946 bytes
(epstopdf)             Output file: <PS/t51-eps-converted-to.pdf>
(epstopdf)                    date: 2013-01-14 21:14:52
(epstopdf)                    size: 4727 bytes
(epstopdf)             Command: <epstopdf --outfile=PS/t51-eps-converted-to.pdf
 PS/t51.eps>
(epstopdf)             \includegraphics on input line 742.
Package epstopdf Info: Output file is already uptodate.
 <PS/t51-eps-converted-to.pdf, id=100, 290.08376pt x 171.64125pt>
File: PS/t51-eps-converted-to.pdf Graphic file (type pdf)

<use PS/t51-eps-converted-to.pdf> [14 <./PS/t51-eps-converted-to.pdf>] [15]
Underfull \vbox (badness 1436) has occurred while \output is active []

 [16]
Underfull \vbox (badness 1436) has occurred while \output is active []

 [17]
[18] [19] [20

] (./hist_bib.tex [21] [22]
Overfull \hbox (3.23413pt too wide) in paragraph at lines 129--134
[]\OT1/cmr/m/n/10 T. C. Hales,  http://www.math.pitt.edu/~thales/kepler98/packi
ngs.html.
 []


Underfull \hbox (badness 10000) in paragraph at lines 129--134

 []

[23] [24]
Underfull \hbox (badness 1127) in paragraph at lines 264--266
[]\OT1/cmr/m/n/10 A. Thue, Om nogle ge-ometrisk talthe-o-retiske The-o-re-mer, 
\OT1/cmr/m/it/10 Foran-
 []

)) [25] [26

] [27] [28] (./intro2.tex
Underfull \vbox (badness 10000) has occurred while \output is active []

 [29])
(./form.tex [30]
Section 3.
Package epstopdf Info: Source file: <PS/fcc_small.eps>
(epstopdf)                    date: 2002-02-25 21:49:12
(epstopdf)                    size: 72556 bytes
(epstopdf)             Output file: <PS/fcc_small-eps-converted-to.pdf>
(epstopdf)                    date: 2013-01-14 21:13:32
(epstopdf)                    size: 97948 bytes
(epstopdf)             Command: <epstopdf --outfile=PS/fcc_small-eps-converted-
to.pdf PS/fcc_small.eps>
(epstopdf)             \includegraphics on input line 24.
Package epstopdf Info: Output file is already uptodate.
File: PS/fcc_small-eps-converted-to.pdf Graphic file (type pdf)
<use PS/fcc_small-eps-converted-to.pdf> [31

] [32] [33] [34]
Package epstopdf Info: Source file: <PS/gfcchcp.eps>
(epstopdf)                    date: 2003-04-21 20:47:02
(epstopdf)                    size: 42256 bytes
(epstopdf)             Output file: <PS/gfcchcp-eps-converted-to.pdf>
(epstopdf)                    date: 2013-01-14 21:14:52
(epstopdf)                    size: 4336 bytes
(epstopdf)             Command: <epstopdf --outfile=PS/gfcchcp-eps-converted-to
.pdf PS/gfcchcp.eps>
(epstopdf)             \includegraphics on input line 358.
Package epstopdf Info: Output file is already uptodate.

<PS/gfcchcp-eps-converted-to.pdf, id=180, 216.81pt x 98.3675pt>
File: PS/gfcchcp-eps-converted-to.pdf Graphic file (type pdf)

<use PS/gfcchcp-eps-converted-to.pdf> [35]
Package epstopdf Info: Source file: <PS/gpent.eps>
(epstopdf)                    date: 2003-04-21 20:48:58
(epstopdf)                    size: 36761 bytes
(epstopdf)             Output file: <PS/gpent-eps-converted-to.pdf>
(epstopdf)                    date: 2013-01-14 21:14:53
(epstopdf)                    size: 3275 bytes
(epstopdf)             Command: <epstopdf --outfile=PS/gpent-eps-converted-to.p
df PS/gpent.eps>
(epstopdf)             \includegraphics on input line 381.
Package epstopdf Info: Output file is already uptodate.

<PS/gpent-eps-converted-to.pdf, id=184, 148.555pt x 149.55875pt>
File: PS/gpent-eps-converted-to.pdf Graphic file (type pdf)

<use PS/gpent-eps-converted-to.pdf> [36 <./PS/gfcchcp-eps-converted-to.pdf> <./
PS/gpent-eps-converted-to.pdf>] [37] [38] [39] [40

]
Section 4.
LaTeX Font Info:    Calculating math sizes for size <14> on input line 637.

Underfull \vbox (badness 5592) has occurred while \output is active []

 [41]
[42] [43]
Package epstopdf Info: Source file: <PS/calE.eps>
(epstopdf)                    date: 2003-04-22 11:24:28
(epstopdf)                    size: 113098 bytes
(epstopdf)             Output file: <PS/calE-eps-converted-to.pdf>
(epstopdf)                    date: 2013-01-14 21:14:53
(epstopdf)                    size: 4779 bytes
(epstopdf)             Command: <epstopdf --outfile=PS/calE-eps-converted-to.pd
f PS/calE.eps>
(epstopdf)             \includegraphics on input line 936.
Package epstopdf Info: Output file is already uptodate.
 <PS/calE-eps-converted-to.pdf, id=216, 125.46875pt x 185.69376pt>
File: PS/calE-eps-converted-to.pdf Graphic file (type pdf)

<use PS/calE-eps-converted-to.pdf> [44] [45 <./PS/calE-eps-converted-to.pdf>]
[46]

./form.tex:1115: LaTeX Error: Unknown graphics extension: .ps.

See the LaTeX manual or LaTeX Companion for explanation.
Type  H <return>  for immediate help.
 ...                                              
                                                  
l.1115   \includegraphics{PS/dia31.ps}
                                      
? 
[47] [48] [49] [50] [51] [52]
Package epstopdf Info: Source file: <PS/isolatedpair.eps>
(epstopdf)                    date: 2003-08-07 09:46:04
(epstopdf)                    size: 116847 bytes
(epstopdf)             Output file: <PS/isolatedpair-eps-converted-to.pdf>
(epstopdf)                    date: 2013-01-14 21:14:55
(epstopdf)                    size: 5036 bytes
(epstopdf)             Command: <epstopdf --outfile=PS/isolatedpair-eps-convert
ed-to.pdf PS/isolatedpair.eps>
(epstopdf)             \includegraphics on input line 1545.
Package epstopdf Info: Output file is already uptodate.

<PS/isolatedpair-eps-converted-to.pdf, id=253, 180.675pt x 172.645pt>
File: PS/isolatedpair-eps-converted-to.pdf Graphic file (type pdf)

<use PS/isolatedpair-eps-converted-to.pdf> [53 <./PS/isolatedpair-eps-converted
-to.pdf>] [54

]
Section 5.
[55] [56]
Underfull \vbox (badness 10000) has occurred while \output is active []

 [57]
Package epstopdf Info: Source file: <PS/nonstar.eps>
(epstopdf)                    date: 2003-04-29 18:35:44
(epstopdf)                    size: 114000 bytes
(epstopdf)             Output file: <PS/nonstar-eps-converted-to.pdf>
(epstopdf)                    date: 2013-01-14 21:14:55
(epstopdf)                    size: 4532 bytes
(epstopdf)             Command: <epstopdf --outfile=PS/nonstar-eps-converted-to
.pdf PS/nonstar.eps>
(epstopdf)             \includegraphics on input line 1911.
Package epstopdf Info: Output file is already uptodate.

<PS/nonstar-eps-converted-to.pdf, id=279, 129.48375pt x 188.705pt>
File: PS/nonstar-eps-converted-to.pdf Graphic file (type pdf)

<use PS/nonstar-eps-converted-to.pdf> [58 <./PS/nonstar-eps-converted-to.pdf>]
[59] [60]
Underfull \vbox (badness 10000) has occurred while \output is active []

 [61]
[62] [63]
Package epstopdf Info: Source file: <PS/haII23.eps>
(epstopdf)                    date: 2003-08-07 11:49:02
(epstopdf)                    size: 113927 bytes
(epstopdf)             Output file: <PS/haII23-eps-converted-to.pdf>
(epstopdf)                    date: 2013-01-14 21:14:56
(epstopdf)                    size: 4899 bytes
(epstopdf)             Command: <epstopdf --outfile=PS/haII23-eps-converted-to.
pdf PS/haII23.eps>
(epstopdf)             \includegraphics on input line 2384.
Package epstopdf Info: Output file is already uptodate.
 <PS/haII23-eps-converted-to.pdf, id=307, 198.7425pt x 156.585pt>
File: PS/haII23-eps-converted-to.pdf Graphic file (type pdf)

<use PS/haII23-eps-converted-to.pdf> [64] [65 <./PS/haII23-eps-converted-to.pdf
>] [66

]
Section 6.
[67] [68]
Underfull \vbox (badness 10000) has occurred while \output is active []

 [69]
Underfull \vbox (badness 10000) has occurred while \output is active []

 [70]
Package epstopdf Info: Source file: <PS/linear.eps>
(epstopdf)                    date: 2002-02-25 22:22:34
(epstopdf)                    size: 32375 bytes
(epstopdf)             Output file: <PS/linear-eps-converted-to.pdf>
(epstopdf)                    date: 2013-01-14 21:14:56
(epstopdf)                    size: 2639 bytes
(epstopdf)             Command: <epstopdf --outfile=PS/linear-eps-converted-to.
pdf PS/linear.eps>
(epstopdf)             \includegraphics on input line 2835.
Package epstopdf Info: Output file is already uptodate.

<PS/linear-eps-converted-to.pdf, id=340, 142.5325pt x 149.55875pt>
File: PS/linear-eps-converted-to.pdf Graphic file (type pdf)

<use PS/linear-eps-converted-to.pdf> [71] [72 <./PS/linear-eps-converted-to.pdf
>] [73] [74

]
Section 7.

Underfull \vbox (badness 10000) has occurred while \output is active []

 [75]
Package epstopdf Info: Source file: <PS/rogers.eps>
(epstopdf)                    date: 2003-04-25 11:43:44
(epstopdf)                    size: 120268 bytes
(epstopdf)             Output file: <PS/rogers-eps-converted-to.pdf>
(epstopdf)                    date: 2013-01-14 21:14:56
(epstopdf)                    size: 5285 bytes
(epstopdf)             Command: <epstopdf --outfile=PS/rogers-eps-converted-to.
pdf PS/rogers.eps>
(epstopdf)             \includegraphics on input line 3031.
Package epstopdf Info: Output file is already uptodate.

<PS/rogers-eps-converted-to.pdf, id=359, 186.6975pt x 186.6975pt>
File: PS/rogers-eps-converted-to.pdf Graphic file (type pdf)

<use PS/rogers-eps-converted-to.pdf> [76]
Package epstopdf Info: Source file: <PS/quoin.eps>
(epstopdf)                    date: 2003-04-25 16:33:04
(epstopdf)                    size: 111902 bytes
(epstopdf)             Output file: <PS/quoin-eps-converted-to.pdf>
(epstopdf)                    date: 2013-01-14 21:14:56
(epstopdf)                    size: 4100 bytes
(epstopdf)             Command: <epstopdf --outfile=PS/quoin-eps-converted-to.p
df PS/quoin.eps>
(epstopdf)             \includegraphics on input line 3063.
Package epstopdf Info: Output file is already uptodate.

<PS/quoin-eps-converted-to.pdf, id=364, 206.7725pt x 195.73125pt>
File: PS/quoin-eps-converted-to.pdf Graphic file (type pdf)

<use PS/quoin-eps-converted-to.pdf> [77 <./PS/rogers-eps-converted-to.pdf>]
Package epstopdf Info: Source file: <PS/capriquoin.eps>
(epstopdf)                    date: 2003-04-27 15:33:24
(epstopdf)                    size: 33717 bytes
(epstopdf)             Output file: <PS/capriquoin-eps-converted-to.pdf>
(epstopdf)                    date: 2013-01-14 21:14:57
(epstopdf)                    size: 2993 bytes
(epstopdf)             Command: <epstopdf --outfile=PS/capriquoin-eps-converted
-to.pdf PS/capriquoin.eps>
(epstopdf)             \includegraphics on input line 3106.
Package epstopdf Info: Output file is already uptodate.

<PS/capriquoin-eps-converted-to.pdf, id=377, 187.70125pt x 187.70125pt>
File: PS/capriquoin-eps-converted-to.pdf Graphic file (type pdf)

<use PS/capriquoin-eps-converted-to.pdf> [78 <./PS/quoin-eps-converted-to.pdf>]
[79 <./PS/capriquoin-eps-converted-to.pdf>] [80] [81] [82]
LaTeX Font Info:    Font shape `OMS/cmr/m/it' in size <10> not available
(Font)              Font shape `OMS/cmsy/m/n' tried instead on input line 3419.

 [83] [84] [85]
[86]) [87] [88

] [89] [90] (./intro3.tex) (./local_opt.tex [91] [92

]
Section 8.
[93] [94]

./local_opt.tex:168: LaTeX Error: Unknown graphics extension: .ps.

See the LaTeX manual or LaTeX Companion for explanation.
Type  H <return>  for immediate help.
 ...                                              
                                                  
l.168   \includegraphics{PS/haII42.ps}
                                      
? 
[95] [96] [97] [98] [99] [100] [101] [102] [103] [104]
Package epstopdf Info: Source file: <PS/diag-face.eps>
(epstopdf)                    date: 2002-11-25 11:35:18
(epstopdf)                    size: 110908 bytes
(epstopdf)             Output file: <PS/diag-face-eps-converted-to.pdf>
(epstopdf)                    date: 2013-01-14 21:14:58
(epstopdf)                    size: 4116 bytes
(epstopdf)             Command: <epstopdf --outfile=PS/diag-face-eps-converted-
to.pdf PS/diag-face.eps>
(epstopdf)             \includegraphics on input line 925.
Package epstopdf Info: Output file is already uptodate.

<PS/diag-face-eps-converted-to.pdf, id=479, 245.91875pt x 159.59625pt>
File: PS/diag-face-eps-converted-to.pdf Graphic file (type pdf)

<use PS/diag-face-eps-converted-to.pdf> [105] [106 <./PS/diag-face-eps-converte
d-to.pdf>]) (./fine.tex [107] [108

]
Section 9.
[109]

./fine.tex:129: LaTeX Error: Unknown graphics extension: .ps.

See the LaTeX manual or LaTeX Companion for explanation.
Type  H <return>  for immediate help.
 ...                                              
                                                  
l.129   \includegraphics{PS/diag46.ps}
                                      
? 
[110] [111] [112] [113] [114] [115] [116] [117] [118]
Underfull \vbox (badness 1436) has occurred while \output is active []

 [119]
[120] [121] [122] [123] [124

]
Section 10.
[125] [126] [127] [128] [129] [130] [131]

./fine.tex:1641: LaTeX Error: Unknown graphics extension: .ps.

See the LaTeX manual or LaTeX Companion for explanation.
Type  H <return>  for immediate help.
 ...                                              
                                                  
l.1641   \includegraphics{PS/diag43.ps}
                                       
? 
[132]

./fine.tex:1718: LaTeX Error: Unknown graphics extension: .ps.

See the LaTeX manual or LaTeX Companion for explanation.
Type  H <return>  for immediate help.
 ...                                              
                                                  
l.1718   \includegraphics{PS/diag44.ps}
                                       
? 
[133]

./fine.tex:1765: LaTeX Error: Unknown graphics extension: .ps.

See the LaTeX manual or LaTeX Companion for explanation.
Type  H <return>  for immediate help.
 ...                                              
                                                  
l.1765   \includegraphics{PS/diag46.ps}
                                       
? 
[134]) [135] [136

] [137] [138] (./intro4.tex) (./part4.tex [139] [140]
Section 11.
[141

] [142] [143] [144]
Underfull \vbox (badness 4505) has occurred while \output is active []

 [145]
[146] [147] [148]
Underfull \vbox (badness 10000) has occurred while \output is active []

 [149]
[150] [151] [152] [153] [154] [155] [156

]
Section 12.
[157]

./part4.tex:1095: LaTeX Error: Unknown graphics extension: .1.ps.

See the LaTeX manual or LaTeX Companion for explanation.
Type  H <return>  for immediate help.
 ...                                              
                                                  
l.1095   \includegraphics{PS/diag7.1.ps}
                                        
? 
[158] [159] [160] [161]
Underfull \vbox (badness 2635) has occurred while \output is active []

 [162]
Underfull \vbox (badness 10000) has occurred while \output is active []

 [163]
[164] [165]
Underfull \vbox (badness 10000) has occurred while \output is active []

 [166]
[167]
Underfull \vbox (badness 3229) has occurred while \output is active []

 [168]
[169] [170] [171] [172]
Underfull \vbox (badness 1062) has occurred while \output is active []

 [173]
[174]
Section 13.
[175

] [176]
Package epstopdf Info: Source file: <PS/samfigA54.eps>
(epstopdf)                    date: 1998-10-22 02:00:00
(epstopdf)                    size: 36835 bytes
(epstopdf)             Output file: <PS/samfigA54-eps-converted-to.pdf>
(epstopdf)                    date: 2013-01-14 21:15:08
(epstopdf)                    size: 15013 bytes
(epstopdf)             Command: <epstopdf --outfile=PS/samfigA54-eps-converted-
to.pdf PS/samfigA54.eps>
(epstopdf)             \includegraphics on input line 2306.
Package epstopdf Info: Output file is already uptodate.

<PS/samfigA54-eps-converted-to.pdf, id=723, 284.06125pt x 118.4425pt>
File: PS/samfigA54-eps-converted-to.pdf Graphic file (type pdf)

<use PS/samfigA54-eps-converted-to.pdf> [177 <./PS/samfigA54-eps-converted-to.p
df>] [178] [179] [180] [181] [182] [183] [184] [185] [186] [187] [188] [189]
[190

]
Section 14.

Underfull \vbox (badness 10000) has occurred while \output is active []

 [191]
Package epstopdf Info: Source file: <PS/no4circuit.eps>
(epstopdf)                    date: 2002-03-01 12:54:18
(epstopdf)                    size: 111314 bytes
(epstopdf)             Output file: <PS/no4circuit-eps-converted-to.pdf>
(epstopdf)                    date: 2013-01-14 21:15:08
(epstopdf)                    size: 4076 bytes
(epstopdf)             Command: <epstopdf --outfile=PS/no4circuit-eps-converted
-to.pdf PS/no4circuit.eps>
(epstopdf)             \includegraphics on input line 3138.
Package epstopdf Info: Output file is already uptodate.

<PS/no4circuit-eps-converted-to.pdf, id=776, 160.6pt x 155.58125pt>
File: PS/no4circuit-eps-converted-to.pdf Graphic file (type pdf)

<use PS/no4circuit-eps-converted-to.pdf> [192 <./PS/no4circuit-eps-converted-to
.pdf>]
Overfull \vbox (1.56006pt too high) has occurred while \output is active []


[193] [194] [195] [196] [197] [198] [199]) [200] [201] [202

] [203] [204]
(./intro5.tex) (./ferguson.tex [205

] [206

]
Section 15.
Package epstopdf Info: Source file: <PS/pentagraph.eps>
(epstopdf)                    date: 2005-06-26 12:55:52
(epstopdf)                    size: 27891 bytes
(epstopdf)             Output file: <PS/pentagraph-eps-converted-to.pdf>
(epstopdf)                    date: 2013-01-14 21:15:09
(epstopdf)                    size: 3181 bytes
(epstopdf)             Command: <epstopdf --outfile=PS/pentagraph-eps-converted
-to.pdf PS/pentagraph.eps>
(epstopdf)             \includegraphics on input line 23.
Package epstopdf Info: Output file is already uptodate.
<PS/pentagraph-eps-converted-to.pdf, id=835, 148.555pt x 148.555pt>
File: PS/pentagraph-eps-converted-to.pdf Graphic file (type pdf)

<use PS/pentagraph-eps-converted-to.pdf>
Package epstopdf Info: Source file: <PS/pentaballs.eps>
(epstopdf)                    date: 2005-06-26 12:55:52
(epstopdf)                    size: 25893 bytes
(epstopdf)             Output file: <PS/pentaballs-eps-converted-to.pdf>
(epstopdf)                    date: 2013-01-14 21:15:09
(epstopdf)                    size: 63282 bytes
(epstopdf)             Command: <epstopdf --outfile=PS/pentaballs-eps-converted
-to.pdf PS/pentaballs.eps>
(epstopdf)             \includegraphics on input line 35.
Package epstopdf Info: Output file is already uptodate.

<PS/pentaballs-eps-converted-to.pdf, id=836, 197.73875pt x 202.7575pt>
File: PS/pentaballs-eps-converted-to.pdf Graphic file (type pdf)

<use PS/pentaballs-eps-converted-to.pdf>
Package epstopdf Info: Source file: <PS/pentaface.eps>
(epstopdf)                    date: 2005-06-26 12:55:52
(epstopdf)                    size: 25997 bytes
(epstopdf)             Output file: <PS/pentaface-eps-converted-to.pdf>
(epstopdf)                    date: 2013-01-14 21:15:09
(epstopdf)                    size: 3113 bytes
(epstopdf)             Command: <epstopdf --outfile=PS/pentaface-eps-converted-
to.pdf PS/pentaface.eps>
(epstopdf)             \includegraphics on input line 53.
Package epstopdf Info: Output file is already uptodate.

<PS/pentaface-eps-converted-to.pdf, id=837, 131.49126pt x 137.51375pt>
File: PS/pentaface-eps-converted-to.pdf Graphic file (type pdf)

<use PS/pentaface-eps-converted-to.pdf> [207] [208 <./PS/pentagraph-eps-convert
ed-to.pdf> <./PS/pentaballs-eps-converted-to.pdf>] [209 <./PS/pentaface-eps-con
verted-to.pdf>] [210] [211] [212]
Section 16.

Underfull \vbox (badness 10000) has occurred while \output is active []

 [213

]
Package epstopdf Info: Source file: <PS/tet.eps>
(epstopdf)                    date: 2005-06-26 12:55:52
(epstopdf)                    size: 37863 bytes
(epstopdf)             Output file: <PS/tet-eps-converted-to.pdf>
(epstopdf)                    date: 2013-01-14 21:15:10
(epstopdf)                    size: 5585 bytes
(epstopdf)             Command: <epstopdf --outfile=PS/tet-eps-converted-to.pdf
 PS/tet.eps>
(epstopdf)             \includegraphics on input line 440.
Package epstopdf Info: Output file is already uptodate.

<PS/tet-eps-converted-to.pdf, id=868, 150.5625pt x 162.6075pt>
File: PS/tet-eps-converted-to.pdf Graphic file (type pdf)

<use PS/tet-eps-converted-to.pdf>
Underfull \vbox (badness 1552) has occurred while \output is active []

 [214 <./PS/tet-eps-converted-to.pdf>] [215] [216] [217] [218] [219] [220]
Package epstopdf Info: Source file: <PS/vor.eps>
(epstopdf)                    date: 2005-06-26 12:55:52
(epstopdf)                    size: 29486 bytes
(epstopdf)             Output file: <PS/vor-eps-converted-to.pdf>
(epstopdf)                    date: 2013-01-14 21:15:10
(epstopdf)                    size: 2884 bytes
(epstopdf)             Command: <epstopdf --outfile=PS/vor-eps-converted-to.pdf
 PS/vor.eps>
(epstopdf)             \includegraphics on input line 1000.
Package epstopdf Info: Output file is already uptodate.

<PS/vor-eps-converted-to.pdf, id=901, 224.84pt x 196.735pt>
File: PS/vor-eps-converted-to.pdf Graphic file (type pdf)

<use PS/vor-eps-converted-to.pdf> [221] [222 <./PS/vor-eps-converted-to.pdf>]
[223]
Package epstopdf Info: Source file: <PS/vor3.eps>
(epstopdf)                    date: 2005-06-26 12:55:52
(epstopdf)                    size: 52858 bytes
(epstopdf)             Output file: <PS/vor3-eps-converted-to.pdf>
(epstopdf)                    date: 2013-01-14 21:15:10
(epstopdf)                    size: 4363 bytes
(epstopdf)             Command: <epstopdf --outfile=PS/vor3-eps-converted-to.pd
f PS/vor3.eps>
(epstopdf)             \includegraphics on input line 1154.
Package epstopdf Info: Output file is already uptodate.
 <PS/vor3-eps-converted-to.pdf, id=915, 187.70125pt x 174.6525pt>
File: PS/vor3-eps-converted-to.pdf Graphic file (type pdf)

<use PS/vor3-eps-converted-to.pdf>
Package epstopdf Info: Source file: <PS/vor2.eps>
(epstopdf)                    date: 2005-06-26 12:55:52
(epstopdf)                    size: 64685 bytes
(epstopdf)             Output file: <PS/vor2-eps-converted-to.pdf>
(epstopdf)                    date: 2013-01-14 21:15:11
(epstopdf)                    size: 5161 bytes
(epstopdf)             Command: <epstopdf --outfile=PS/vor2-eps-converted-to.pd
f PS/vor2.eps>
(epstopdf)             \includegraphics on input line 1163.
Package epstopdf Info: Output file is already uptodate.

<PS/vor2-eps-converted-to.pdf, id=916, 240.9pt x 176.66pt>
File: PS/vor2-eps-converted-to.pdf Graphic file (type pdf)

<use PS/vor2-eps-converted-to.pdf>
Underfull \vbox (badness 10000) has occurred while \output is active []

 [224 <./PS/vor3-eps-converted-to.pdf>]
Package epstopdf Info: Source file: <PS/planar2.eps>
(epstopdf)                    date: 2005-06-26 12:55:52
(epstopdf)                    size: 29353 bytes
(epstopdf)             Output file: <PS/planar2-eps-converted-to.pdf>
(epstopdf)                    date: 2013-01-14 21:15:11
(epstopdf)                    size: 9411 bytes
(epstopdf)             Command: <epstopdf --outfile=PS/planar2-eps-converted-to
.pdf PS/planar2.eps>
(epstopdf)             \includegraphics on input line 1219.
Package epstopdf Info: Output file is already uptodate.

<PS/planar2-eps-converted-to.pdf, id=922, 233.87375pt x 184.69pt>
File: PS/planar2-eps-converted-to.pdf Graphic file (type pdf)

<use PS/planar2-eps-converted-to.pdf>
Package epstopdf Info: Source file: <PS/quad3.eps>
(epstopdf)                    date: 2005-06-26 12:55:52
(epstopdf)                    size: 35873 bytes
(epstopdf)             Output file: <PS/quad3-eps-converted-to.pdf>
(epstopdf)                    date: 2013-01-14 21:15:11
(epstopdf)                    size: 7480 bytes
(epstopdf)             Command: <epstopdf --outfile=PS/quad3-eps-converted-to.p
df PS/quad3.eps>
(epstopdf)             \includegraphics on input line 1239.
Package epstopdf Info: Output file is already uptodate.

<PS/quad3-eps-converted-to.pdf, id=923, 190.7125pt x 182.6825pt>
File: PS/quad3-eps-converted-to.pdf Graphic file (type pdf)

<use PS/quad3-eps-converted-to.pdf> [225 <./PS/vor2-eps-converted-to.pdf>]
[226 <./PS/planar2-eps-converted-to.pdf> <./PS/quad3-eps-converted-to.pdf>]
Package epstopdf Info: Source file: <PS/quad4.eps>
(epstopdf)                    date: 2005-06-26 12:55:52
(epstopdf)                    size: 31322 bytes
(epstopdf)             Output file: <PS/quad4-eps-converted-to.pdf>
(epstopdf)                    date: 2013-01-14 21:15:12
(epstopdf)                    size: 5136 bytes
(epstopdf)             Command: <epstopdf --outfile=PS/quad4-eps-converted-to.p
df PS/quad4.eps>
(epstopdf)             \includegraphics on input line 1261.
Package epstopdf Info: Output file is already uptodate.

<PS/quad4-eps-converted-to.pdf, id=949, 149.55875pt x 142.5325pt>
File: PS/quad4-eps-converted-to.pdf Graphic file (type pdf)

<use PS/quad4-eps-converted-to.pdf>
Package epstopdf Info: Source file: <PS/decomp1.eps>
(epstopdf)                    date: 2005-06-26 12:55:50
(epstopdf)                    size: 29279 bytes
(epstopdf)             Output file: <PS/decomp1-eps-converted-to.pdf>
(epstopdf)                    date: 2013-01-14 21:15:12
(epstopdf)                    size: 6996 bytes
(epstopdf)             Command: <epstopdf --outfile=PS/decomp1-eps-converted-to
.pdf PS/decomp1.eps>
(epstopdf)             \includegraphics on input line 1278.
Package epstopdf Info: Output file is already uptodate.

<PS/decomp1-eps-converted-to.pdf, id=950, 233.87375pt x 222.8325pt>
File: PS/decomp1-eps-converted-to.pdf Graphic file (type pdf)

<use PS/decomp1-eps-converted-to.pdf>
Package epstopdf Info: Source file: <PS/decomp2.eps>
(epstopdf)                    date: 2005-06-26 12:55:50
(epstopdf)                    size: 33160 bytes
(epstopdf)             Output file: <PS/decomp2-eps-converted-to.pdf>
(epstopdf)                    date: 2013-01-14 21:15:12
(epstopdf)                    size: 7567 bytes
(epstopdf)             Command: <epstopdf --outfile=PS/decomp2-eps-converted-to
.pdf PS/decomp2.eps>
(epstopdf)             \includegraphics on input line 1292.
Package epstopdf Info: Output file is already uptodate.

<PS/decomp2-eps-converted-to.pdf, id=951, 233.87375pt x 222.8325pt>
File: PS/decomp2-eps-converted-to.pdf Graphic file (type pdf)

<use PS/decomp2-eps-converted-to.pdf>
Package epstopdf Info: Source file: <PS/decomp3.eps>
(epstopdf)                    date: 2005-06-26 12:55:50
(epstopdf)                    size: 35711 bytes
(epstopdf)             Output file: <PS/decomp3-eps-converted-to.pdf>
(epstopdf)                    date: 2013-01-14 21:15:12
(epstopdf)                    size: 14074 bytes
(epstopdf)             Command: <epstopdf --outfile=PS/decomp3-eps-converted-to
.pdf PS/decomp3.eps>
(epstopdf)             \includegraphics on input line 1309.
Package epstopdf Info: Output file is already uptodate.

<PS/decomp3-eps-converted-to.pdf, id=952, 232.87pt x 222.8325pt>
File: PS/decomp3-eps-converted-to.pdf Graphic file (type pdf)

<use PS/decomp3-eps-converted-to.pdf>
Package epstopdf Info: Source file: <PS/planar3.eps>
(epstopdf)                    date: 2005-06-26 12:55:52
(epstopdf)                    size: 47295 bytes
(epstopdf)             Output file: <PS/planar3-eps-converted-to.pdf>
(epstopdf)                    date: 2013-01-14 21:15:13
(epstopdf)                    size: 17387 bytes
(epstopdf)             Command: <epstopdf --outfile=PS/planar3-eps-converted-to
.pdf PS/planar3.eps>
(epstopdf)             \includegraphics on input line 1318.
Package epstopdf Info: Output file is already uptodate.

<PS/planar3-eps-converted-to.pdf, id=953, 232.87pt x 185.69376pt>
File: PS/planar3-eps-converted-to.pdf Graphic file (type pdf)

<use PS/planar3-eps-converted-to.pdf>
Package epstopdf Info: Source file: <PS/quad8.eps>
(epstopdf)                    date: 2005-06-26 12:55:52
(epstopdf)                    size: 33347 bytes
(epstopdf)             Output file: <PS/quad8-eps-converted-to.pdf>
(epstopdf)                    date: 2013-01-14 21:15:13
(epstopdf)                    size: 5894 bytes
(epstopdf)             Command: <epstopdf --outfile=PS/quad8-eps-converted-to.p
df PS/quad8.eps>
(epstopdf)             \includegraphics on input line 1333.
Package epstopdf Info: Output file is already uptodate.

<PS/quad8-eps-converted-to.pdf, id=954, 166.6225pt x 145.54375pt>
File: PS/quad8-eps-converted-to.pdf Graphic file (type pdf)

<use PS/quad8-eps-converted-to.pdf> [227 <./PS/quad4-eps-converted-to.pdf>]
[228 <./PS/decomp1-eps-converted-to.pdf> <./PS/decomp2-eps-converted-to.pdf>]
[229 <./PS/decomp3-eps-converted-to.pdf>] [230 <./PS/planar3-eps-converted-to.p
df> <./PS/quad8-eps-converted-to.pdf>]
Package epstopdf Info: Source file: <PS/quoin1.eps>
(epstopdf)                    date: 2005-06-26 12:55:52
(epstopdf)                    size: 30632 bytes
(epstopdf)             Output file: <PS/quoin1-eps-converted-to.pdf>
(epstopdf)                    date: 2013-01-14 21:15:13
(epstopdf)                    size: 4750 bytes
(epstopdf)             Command: <epstopdf --outfile=PS/quoin1-eps-converted-to.
pdf PS/quoin1.eps>
(epstopdf)             \includegraphics on input line 1463.
Package epstopdf Info: Output file is already uptodate.

<PS/quoin1-eps-converted-to.pdf, id=1011, 179.67125pt x 180.675pt>
File: PS/quoin1-eps-converted-to.pdf Graphic file (type pdf)

<use PS/quoin1-eps-converted-to.pdf>
Package epstopdf Info: Source file: <PS/quoin2.eps>
(epstopdf)                    date: 2005-06-26 12:55:52
(epstopdf)                    size: 31104 bytes
(epstopdf)             Output file: <PS/quoin2-eps-converted-to.pdf>
(epstopdf)                    date: 2013-01-14 21:15:14
(epstopdf)                    size: 5801 bytes
(epstopdf)             Command: <epstopdf --outfile=PS/quoin2-eps-converted-to.
pdf PS/quoin2.eps>
(epstopdf)             \includegraphics on input line 1472.
Package epstopdf Info: Output file is already uptodate.

<PS/quoin2-eps-converted-to.pdf, id=1012, 157.58875pt x 160.6pt>
File: PS/quoin2-eps-converted-to.pdf Graphic file (type pdf)

<use PS/quoin2-eps-converted-to.pdf> [231] [232 <./PS/quoin1-eps-converted-to.p
df> <./PS/quoin2-eps-converted-to.pdf>] [233] [234] [235] [236]
Section 17.
[237

] [238]
Underfull \vbox (badness 1436) has occurred while \output is active []

 [239]
[240] [241] [242] [243] [244] [245]) [246] [247

] [248] (./intro6.tex [249])
(./tame.tex [250]
Section 18.
[251

]
Package epstopdf Info: Source file: <PS/nonplanar.eps>
(epstopdf)                    date: 2003-04-29 21:18:18
(epstopdf)                    size: 36753 bytes
(epstopdf)             Output file: <PS/nonplanar-eps-converted-to.pdf>
(epstopdf)                    date: 2013-01-14 21:15:14
(epstopdf)                    size: 3485 bytes
(epstopdf)             Command: <epstopdf --outfile=PS/nonplanar-eps-converted-
to.pdf PS/nonplanar.eps>
(epstopdf)             \includegraphics on input line 97.
Package epstopdf Info: Output file is already uptodate.
 <PS/nonplanar-eps-converted-to.pdf, id=1096, 322.20375pt x 73.27374pt>
File: PS/nonplanar-eps-converted-to.pdf Graphic file (type pdf)

<use PS/nonplanar-eps-converted-to.pdf> [252 <./PS/nonplanar-eps-converted-to.p
df>]
Underfull \vbox (badness 10000) has occurred while \output is active []

 [253]
Package epstopdf Info: Source file: <PS/tame4circuit.eps>
(epstopdf)                    date: 2002-03-01 12:22:56
(epstopdf)                    size: 32436 bytes
(epstopdf)             Output file: <PS/tame4circuit-eps-converted-to.pdf>
(epstopdf)                    date: 2013-01-14 21:15:14
(epstopdf)                    size: 2562 bytes
(epstopdf)             Command: <epstopdf --outfile=PS/tame4circuit-eps-convert
ed-to.pdf PS/tame4circuit.eps>
(epstopdf)             \includegraphics on input line 275.
Package epstopdf Info: Output file is already uptodate.

<PS/tame4circuit-eps-converted-to.pdf, id=1106, 196.735pt x 205.76875pt>
File: PS/tame4circuit-eps-converted-to.pdf Graphic file (type pdf)

<use PS/tame4circuit-eps-converted-to.pdf> [254] [255 <./PS/tame4circuit-eps-co
nverted-to.pdf>] [256]
Section 19.
[257

]
Package epstopdf Info: Source file: <PS/patching2.eps>
(epstopdf)                    date: 2002-03-01 12:24:52
(epstopdf)                    size: 50698 bytes
(epstopdf)             Output file: <PS/patching2-eps-converted-to.pdf>
(epstopdf)                    date: 2013-01-14 21:15:15
(epstopdf)                    size: 7383 bytes
(epstopdf)             Command: <epstopdf --outfile=PS/patching2-eps-converted-
to.pdf PS/patching2.eps>
(epstopdf)             \includegraphics on input line 422.
Package epstopdf Info: Output file is already uptodate.
 <PS/patching2-eps-converted-to.pdf, id=1122, 190.7125pt x 136.51pt>
File: PS/patching2-eps-converted-to.pdf Graphic file (type pdf)

<use PS/patching2-eps-converted-to.pdf> [258 <./PS/patching2-eps-converted-to.p
df>] [259] [260]
Package epstopdf Info: Source file: <PS/Ipq.eps>
(epstopdf)                    date: 2002-02-25 21:21:42
(epstopdf)                    size: 32492 bytes
(epstopdf)             Output file: <PS/Ipq-eps-converted-to.pdf>
(epstopdf)                    date: 2013-01-14 21:15:15
(epstopdf)                    size: 2631 bytes
(epstopdf)             Command: <epstopdf --outfile=PS/Ipq-eps-converted-to.pdf
 PS/Ipq.eps>
(epstopdf)             \includegraphics on input line 574.
Package epstopdf Info: Output file is already uptodate.

<PS/Ipq-eps-converted-to.pdf, id=1157, 164.615pt x 73.27374pt>
File: PS/Ipq-eps-converted-to.pdf Graphic file (type pdf)

<use PS/Ipq-eps-converted-to.pdf>
Package epstopdf Info: Source file: <PS/impossible.eps>
(epstopdf)                    date: 2002-02-25 21:37:42
(epstopdf)                    size: 32749 bytes
(epstopdf)             Output file: <PS/impossible-eps-converted-to.pdf>
(epstopdf)                    date: 2013-01-14 21:15:15
(epstopdf)                    size: 2706 bytes
(epstopdf)             Command: <epstopdf --outfile=PS/impossible-eps-converted
-to.pdf PS/impossible.eps>
(epstopdf)             \includegraphics on input line 599.
Package epstopdf Info: Output file is already uptodate.

<PS/impossible-eps-converted-to.pdf, id=1158, 140.525pt x 122.4575pt>
File: PS/impossible-eps-converted-to.pdf Graphic file (type pdf)

<use PS/impossible-eps-converted-to.pdf> [261 <./PS/Ipq-eps-converted-to.pdf> <
./PS/impossible-eps-converted-to.pdf>] [262]
Section 20.
[263

]
Package epstopdf Info: Source file: <PS/nonpolygon.eps>
(epstopdf)                    date: 2002-02-25 21:56:20
(epstopdf)                    size: 33635 bytes
(epstopdf)             Output file: <PS/nonpolygon-eps-converted-to.pdf>
(epstopdf)                    date: 2013-01-14 21:15:15
(epstopdf)                    size: 2898 bytes
(epstopdf)             Command: <epstopdf --outfile=PS/nonpolygon-eps-converted
-to.pdf PS/nonpolygon.eps>
(epstopdf)             \includegraphics on input line 724.
Package epstopdf Info: Output file is already uptodate.
 <PS/nonpolygon-eps-converted-to.pdf, id=1172, 168.63pt x 107.40125pt>
File: PS/nonpolygon-eps-converted-to.pdf Graphic file (type pdf)

<use PS/nonpolygon-eps-converted-to.pdf> [264 <./PS/nonpolygon-eps-converted-to
.pdf>] [265] [266]
Package epstopdf Info: Source file: <PS/no4circuit.eps>
(epstopdf)                    date: 2002-03-01 12:54:18
(epstopdf)                    size: 111314 bytes
(epstopdf)             Output file: <PS/no4circuit-eps-converted-to.pdf>
(epstopdf)                    date: 2013-01-14 21:15:08
(epstopdf)                    size: 4076 bytes
(epstopdf)             Command: <epstopdf --outfile=PS/no4circuit-eps-converted
-to.pdf PS/no4circuit.eps>
(epstopdf)             \includegraphics on input line 911.
Package epstopdf Info: Output file is already uptodate.
File: PS/no4circuit-eps-converted-to.pdf Graphic file (type pdf)
 <use PS/no4circuit-eps-converted-to.pdf>
Underfull \vbox (badness 2318) has occurred while \output is active []

 [267]
Package epstopdf Info: Source file: <PS/tripent.eps>
(epstopdf)                    date: 2002-02-25 21:59:34
(epstopdf)                    size: 31773 bytes
(epstopdf)             Output file: <PS/tripent-eps-converted-to.pdf>
(epstopdf)                    date: 2013-01-14 21:15:16
(epstopdf)                    size: 2509 bytes
(epstopdf)             Command: <epstopdf --outfile=PS/tripent-eps-converted-to
.pdf PS/tripent.eps>
(epstopdf)             \includegraphics on input line 1014.
Package epstopdf Info: Output file is already uptodate.

<PS/tripent-eps-converted-to.pdf, id=1188, 108.405pt x 103.38625pt>
File: PS/tripent-eps-converted-to.pdf Graphic file (type pdf)

<use PS/tripent-eps-converted-to.pdf>
Package epstopdf Info: Source file: <PS/degree6.eps>
(epstopdf)                    date: 2002-02-25 22:04:02
(epstopdf)                    size: 33234 bytes
(epstopdf)             Output file: <PS/degree6-eps-converted-to.pdf>
(epstopdf)                    date: 2013-01-14 21:15:16
(epstopdf)                    size: 2725 bytes
(epstopdf)             Command: <epstopdf --outfile=PS/degree6-eps-converted-to
.pdf PS/degree6.eps>
(epstopdf)             \includegraphics on input line 1031.
Package epstopdf Info: Output file is already uptodate.

<PS/degree6-eps-converted-to.pdf, id=1189, 187.70125pt x 84.315pt>
File: PS/degree6-eps-converted-to.pdf Graphic file (type pdf)

<use PS/degree6-eps-converted-to.pdf> [268 <./PS/tripent-eps-converted-to.pdf>]
[269 <./PS/degree6-eps-converted-to.pdf>] [270

]
Section 21.
[271] [272] [273] [274]
Package epstopdf Info: Source file: <PS/doubledegree6.eps>
(epstopdf)                    date: 2002-03-01 12:34:12
(epstopdf)                    size: 32491 bytes
(epstopdf)             Output file: <PS/doubledegree6-eps-converted-to.pdf>
(epstopdf)                    date: 2013-01-14 21:15:16
(epstopdf)                    size: 2605 bytes
(epstopdf)             Command: <epstopdf --outfile=PS/doubledegree6-eps-conver
ted-to.pdf PS/doubledegree6.eps>
(epstopdf)             \includegraphics on input line 1431.
Package epstopdf Info: Output file is already uptodate.

<PS/doubledegree6-eps-converted-to.pdf, id=1216, 164.615pt x 160.6pt>
File: PS/doubledegree6-eps-converted-to.pdf Graphic file (type pdf)

<use PS/doubledegree6-eps-converted-to.pdf> [275 <./PS/doubledegree6-eps-conver
ted-to.pdf>] [276] [277] [278

]
Section 22.
[279] [280] [281] [282] [283] [284] [285]) (./linprog.tex [286]
Section 23.

Underfull \vbox (badness 10000) has occurred while \output is active []

 [287

]
[288] [289] [290] [291] [292]
Section 24.

Underfull \vbox (badness 6592) has occurred while \output is active []

 [293

]
[294] [295] [296]
Section 25.
[297

] [298] [299] [300] [301]
Package epstopdf Info: Source file: <PS/penthex.eps>
(epstopdf)                    date: 2002-02-25 23:13:50
(epstopdf)                    size: 112042 bytes
(epstopdf)             Output file: <PS/penthex-eps-converted-to.pdf>
(epstopdf)                    date: 2013-01-14 21:15:17
(epstopdf)                    size: 4289 bytes
(epstopdf)             Command: <epstopdf --outfile=PS/penthex-eps-converted-to
.pdf PS/penthex.eps>
(epstopdf)             \includegraphics on input line 985.
Package epstopdf Info: Output file is already uptodate.

<PS/penthex-eps-converted-to.pdf, id=1307, 162.6075pt x 108.405pt>
File: PS/penthex-eps-converted-to.pdf Graphic file (type pdf)

<use PS/penthex-eps-converted-to.pdf>
Package epstopdf Info: Source file: <PS/hexrefine_xxx.eps>
(epstopdf)                    date: 2002-05-21 11:12:12
(epstopdf)                    size: 119496 bytes
(epstopdf)             Output file: <PS/hexrefine_xxx-eps-converted-to.pdf>
(epstopdf)                    date: 2013-01-14 21:15:17
(epstopdf)                    size: 5712 bytes
(epstopdf)             Command: <epstopdf --outfile=PS/hexrefine_xxx-eps-conver
ted-to.pdf PS/hexrefine_xxx.eps>
(epstopdf)             \includegraphics on input line 992.
Package epstopdf Info: Output file is already uptodate.

<PS/hexrefine_xxx-eps-converted-to.pdf, id=1308, 211.79124pt x 216.81pt>
File: PS/hexrefine_xxx-eps-converted-to.pdf Graphic file (type pdf)

<use PS/hexrefine_xxx-eps-converted-to.pdf> [302 <./PS/penthex-eps-converted-to
.pdf>]
Underfull \vbox (badness 10000) has occurred while \output is active []

 [303 <./PS/hexrefine_xxx-eps-converted-to.pdf>]
Package epstopdf Info: Source file: <PS/heptrefine.eps>
(epstopdf)                    date: 2002-02-25 23:51:56
(epstopdf)                    size: 200649 bytes
(epstopdf)             Output file: <PS/heptrefine-eps-converted-to.pdf>
(epstopdf)                    date: 2013-01-14 21:15:17
(epstopdf)                    size: 6515 bytes
(epstopdf)             Command: <epstopdf --outfile=PS/heptrefine-eps-converted
-to.pdf PS/heptrefine.eps>
(epstopdf)             \includegraphics on input line 1040.
Package epstopdf Info: Output file is already uptodate.

<PS/heptrefine-eps-converted-to.pdf, id=1331, 219.82124pt x 293.095pt>
File: PS/heptrefine-eps-converted-to.pdf Graphic file (type pdf)

<use PS/heptrefine-eps-converted-to.pdf>
Package epstopdf Info: Source file: <PS/octrefine.eps>
(epstopdf)                    date: 2002-02-26 22:46:34
(epstopdf)                    size: 206634 bytes
(epstopdf)             Output file: <PS/octrefine-eps-converted-to.pdf>
(epstopdf)                    date: 2013-01-14 21:15:18
(epstopdf)                    size: 6985 bytes
(epstopdf)             Command: <epstopdf --outfile=PS/octrefine-eps-converted-
to.pdf PS/octrefine.eps>
(epstopdf)             \includegraphics on input line 1047.
Package epstopdf Info: Output file is already uptodate.

<PS/octrefine-eps-converted-to.pdf, id=1332, 214.8025pt x 210.7875pt>
File: PS/octrefine-eps-converted-to.pdf Graphic file (type pdf)

<use PS/octrefine-eps-converted-to.pdf>
Underfull \vbox (badness 10000) has occurred while \output is active []

 [304 <./PS/heptrefine-eps-converted-to.pdf>] [305 <./PS/octrefine-eps-converte
d-to.pdf>]
[306] [307]) (./implement.tex [308] [309] [310] [311]
Package epstopdf Info: Source file: <PS/hex42.eps>
(epstopdf)                    date: 2002-03-03 14:02:02
(epstopdf)                    size: 31710 bytes
(epstopdf)             Output file: <PS/hex42-eps-converted-to.pdf>
(epstopdf)                    date: 2013-01-14 21:15:18
(epstopdf)                    size: 2496 bytes
(epstopdf)             Command: <epstopdf --outfile=PS/hex42-eps-converted-to.p
df PS/hex42.eps>
(epstopdf)             \includegraphics on input line 274.
Package epstopdf Info: Output file is already uptodate.

<PS/hex42-eps-converted-to.pdf, id=1383, 128.48pt x 111.41624pt>
File: PS/hex42-eps-converted-to.pdf Graphic file (type pdf)

<use PS/hex42-eps-converted-to.pdf>
Package epstopdf Info: Source file: <PS/hex42a.eps>
(epstopdf)                    date: 2002-03-03 14:03:28
(epstopdf)                    size: 31783 bytes
(epstopdf)             Output file: <PS/hex42a-eps-converted-to.pdf>
(epstopdf)                    date: 2013-01-14 21:15:18
(epstopdf)                    size: 2510 bytes
(epstopdf)             Command: <epstopdf --outfile=PS/hex42a-eps-converted-to.
pdf PS/hex42a.eps>
(epstopdf)             \includegraphics on input line 296.
Package epstopdf Info: Output file is already uptodate.

<PS/hex42a-eps-converted-to.pdf, id=1384, 128.48pt x 111.41624pt>
File: PS/hex42a-eps-converted-to.pdf Graphic file (type pdf)

<use PS/hex42a-eps-converted-to.pdf> [312]
Package epstopdf Info: Source file: <PS/hex42b.eps>
(epstopdf)                    date: 2002-03-03 14:04:40
(epstopdf)                    size: 31870 bytes
(epstopdf)             Output file: <PS/hex42b-eps-converted-to.pdf>
(epstopdf)                    date: 2013-01-14 21:15:18
(epstopdf)                    size: 2516 bytes
(epstopdf)             Command: <epstopdf --outfile=PS/hex42b-eps-converted-to.
pdf PS/hex42b.eps>
(epstopdf)             \includegraphics on input line 316.
Package epstopdf Info: Output file is already uptodate.

<PS/hex42b-eps-converted-to.pdf, id=1388, 128.48pt x 111.41624pt>
File: PS/hex42b-eps-converted-to.pdf Graphic file (type pdf)

<use PS/hex42b-eps-converted-to.pdf> [313 <./PS/hex42-eps-converted-to.pdf> <./
PS/hex42a-eps-converted-to.pdf> <./PS/hex42b-eps-converted-to.pdf>]
Package epstopdf Info: Source file: <PS/hex41.eps>
(epstopdf)                    date: 2002-03-03 14:06:58
(epstopdf)                    size: 31698 bytes
(epstopdf)             Output file: <PS/hex41-eps-converted-to.pdf>
(epstopdf)                    date: 2013-01-14 21:15:19
(epstopdf)                    size: 2490 bytes
(epstopdf)             Command: <epstopdf --outfile=PS/hex41-eps-converted-to.p
df PS/hex41.eps>
(epstopdf)             \includegraphics on input line 336.
Package epstopdf Info: Output file is already uptodate.

<PS/hex41-eps-converted-to.pdf, id=1399, 128.48pt x 111.41624pt>
File: PS/hex41-eps-converted-to.pdf Graphic file (type pdf)

<use PS/hex41-eps-converted-to.pdf>
Package epstopdf Info: Source file: <PS/hex41a.eps>
(epstopdf)                    date: 2002-03-03 14:09:10
(epstopdf)                    size: 31764 bytes
(epstopdf)             Output file: <PS/hex41a-eps-converted-to.pdf>
(epstopdf)                    date: 2013-01-14 21:15:19
(epstopdf)                    size: 2499 bytes
(epstopdf)             Command: <epstopdf --outfile=PS/hex41a-eps-converted-to.
pdf PS/hex41a.eps>
(epstopdf)             \includegraphics on input line 364.
Package epstopdf Info: Output file is already uptodate.

<PS/hex41a-eps-converted-to.pdf, id=1400, 128.48pt x 111.41624pt>
File: PS/hex41a-eps-converted-to.pdf Graphic file (type pdf)

<use PS/hex41a-eps-converted-to.pdf> [314 <./PS/hex41-eps-converted-to.pdf>]
[315 <./PS/hex41a-eps-converted-to.pdf>] [316] [317] [318])
Underfull \vbox (badness 1448) has occurred while \output is active []

 [319]
[320] (./kep_bib.tex [321


])
No file fullkepler.ind.
[322] (./fullkepler.aux) ) 
Here is how much of TeX's memory you used:
 3570 strings out of 493747
 50380 string characters out of 3143546
 108307 words of memory out of 3000000
 6650 multiletter control sequences out of 15000+200000
 26302 words of font info for 104 fonts, out of 3000000 for 9000
 714 hyphenation exceptions out of 8191
 38i,16n,24p,435b,371s stack positions out of 5000i,500n,10000p,200000b,50000s
</usr/local/texlive/2010/texmf-dist/fonts/type1/publi
c/amsfonts/cm/cmbx10.pfb></usr/local/texlive/2010/texmf-dist/fonts/type1/public
/amsfonts/cm/cmbxti10.pfb></usr/local/texlive/2010/texmf-dist/fonts/type1/publi
c/amsfonts/cm/cmcsc10.pfb></usr/local/texlive/2010/texmf-dist/fonts/type1/publi
c/amsfonts/cm/cmex10.pfb></usr/local/texlive/2010/texmf-dist/fonts/type1/public
/amsfonts/cmextra/cmex8.pfb></usr/local/texlive/2010/texmf-dist/fonts/type1/pub
lic/amsfonts/cm/cmmi10.pfb></usr/local/texlive/2010/texmf-dist/fonts/type1/publ
ic/amsfonts/cm/cmmi12.pfb></usr/local/texlive/2010/texmf-dist/fonts/type1/publi
c/amsfonts/cm/cmmi5.pfb></usr/local/texlive/2010/texmf-dist/fonts/type1/public/
amsfonts/cm/cmmi7.pfb></usr/local/texlive/2010/texmf-dist/fonts/type1/public/am
sfonts/cm/cmmi8.pfb></usr/local/texlive/2010/texmf-dist/fonts/type1/public/amsf
onts/cm/cmr10.pfb></usr/local/texlive/2010/texmf-dist/fonts/type1/public/amsfon
ts/cm/cmr12.pfb></usr/local/texlive/2010/texmf-dist/fonts/type1/public/amsfonts
/cm/cmr17.pfb></usr/local/texlive/2010/texmf-dist/fonts/type1/public/amsfonts/c
m/cmr5.pfb></usr/local/texlive/2010/texmf-dist/fonts/type1/public/amsfonts/cm/c
mr6.pfb></usr/local/texlive/2010/texmf-dist/fonts/type1/public/amsfonts/cm/cmr7
.pfb></usr/local/texlive/2010/texmf-dist/fonts/type1/public/amsfonts/cm/cmr8.pf
b></usr/local/texlive/2010/texmf-dist/fonts/type1/public/amsfonts/cm/cmr9.pfb><
/usr/local/texlive/2010/texmf-dist/fonts/type1/public/amsfonts/cm/cmsl10.pfb></
usr/local/texlive/2010/texmf-dist/fonts/type1/public/amsfonts/cm/cmss10.pfb></u
sr/local/texlive/2010/texmf-dist/fonts/type1/public/amsfonts/cm/cmssbx10.pfb></
usr/local/texlive/2010/texmf-dist/fonts/type1/public/amsfonts/cm/cmsy10.pfb></u
sr/local/texlive/2010/texmf-dist/fonts/type1/public/amsfonts/cm/cmsy5.pfb></usr
/local/texlive/2010/texmf-dist/fonts/type1/public/amsfonts/cm/cmsy6.pfb></usr/l
ocal/texlive/2010/texmf-dist/fonts/type1/public/amsfonts/cm/cmsy7.pfb></usr/loc
al/texlive/2010/texmf-dist/fonts/type1/public/amsfonts/cm/cmsy8.pfb></usr/local
/texlive/2010/texmf-dist/fonts/type1/public/amsfonts/cm/cmti10.pfb></usr/local/
texlive/2010/texmf-dist/fonts/type1/public/amsfonts/cm/cmti8.pfb></usr/local/te
xlive/2010/texmf-dist/fonts/type1/public/amsfonts/cm/cmtt10.pfb></usr/local/tex
live/2010/texmf-dist/fonts/type1/public/amsfonts/latxfont/lcircle1.pfb></usr/lo
cal/texlive/2010/texmf-dist/fonts/type1/public/amsfonts/symbols/msbm10.pfb>
Output written on fullkepler.pdf (334 pages, 1618585 bytes).
PDF statistics:
 1543 PDF objects out of 1728 (max. 8388607)
 1078 compressed objects within 11 object streams
 0 named destinations out of 1000 (max. 500000)
 251 words of extra memory for PDF output out of 10000 (max. 10000000)

